#
# There is insufficient memory for the Java Runtime Environment to continue.
# Native memory allocation (malloc) failed to allocate 253456 bytes for Chunk::new
# Possible reasons:
#   The system is out of physical RAM or swap space
#   The process is running with CompressedOops enabled, and the Java Heap may be blocking the growth of the native heap
# Possible solutions:
#   Reduce memory load on the system
#   Increase physical memory or swap space
#   Check if swap backing store is full
#   Decrease Java heap size (-Xmx/-Xms)
#   Decrease number of Java threads
#   Decrease Java thread stack sizes (-Xss)
#   Set larger code cache with -XX:ReservedCodeCacheSize=
#   JVM is running with Zero Based Compressed Oops mode in which the Java heap is
#     placed in the first 32GB address space. The Java Heap base address is the
#     maximum limit for the native heap growth. Please use -XX:HeapBaseMinAddress
#     to set the Java Heap base and to place the Java Heap above 32GB virtual address.
# This output file may be truncated or incomplete.
#
#  Out of Memory Error (arena.cpp:189), pid=25524, tid=44996
#
# JRE version: Java(TM) SE Runtime Environment (17.0.7+8) (build 17.0.7+8-LTS-224)
# Java VM: Java HotSpot(TM) 64-Bit Server VM (17.0.7+8-LTS-224, mixed mode, sharing, tiered, compressed oops, compressed class ptrs, g1 gc, windows-amd64)
# No core dump will be written. Minidumps are not enabled by default on client versions of Windows
#

---------------  S U M M A R Y ------------

Command Line: -agentlib:jdwp=transport=dt_socket,server=n,suspend=y,address=127.0.0.1:4481 -Dfile.encoding=windows-1251 -Duser.country=RU -Duser.language=ru -Duser.variant --module-path=C:\Users\plato\IdeaProjects\COOPCourseProject\Controller\build\libs\Controller-1.0-SNAPSHOT.jar;C:\Users\plato\IdeaProjects\COOPCourseProject\Controller\build\classes\java\main;C:\Users\plato\.gradle\caches\modules-2\files-2.1\com.zaxxer\HikariCP\5.0.1\a74c7f0a37046846e88d54f7cb6ea6d565c65f9c\HikariCP-5.0.1.jar;C:\Users\plato\.gradle\caches\modules-2\files-2.1\org.slf4j\slf4j-nop\2.0.0\8e5a5213a3b45ca13d702ca6a8b634aa07adbbd8\slf4j-nop-2.0.0.jar;C:\Users\plato\.gradle\caches\modules-2\files-2.1\org.postgresql\postgresql\42.6.0\7614cfce466145b84972781ab0079b8dea49e363\postgresql-42.6.0.jar;C:\Users\plato\.gradle\caches\modules-2\files-2.1\org.openjfx\javafx-fxml\17.0.2\5079f88d5345e988222c90a345ad682b7aaccad3\javafx-fxml-17.0.2-win.jar;C:\Users\plato\.gradle\caches\modules-2\files-2.1\org.openjfx\javafx-controls\17.0.2\707f290bacde2738c0a7e1d0b4a8193002c29cf7\javafx-controls-17.0.2-win.jar;C:\Users\plato\.gradle\caches\modules-2\files-2.1\org.openjfx\javafx-controls\17.0.2\f52640ea07a0d7fe2ac8b9f945ec58fa22ac1afd\javafx-controls-17.0.2.jar;C:\Users\plato\.gradle\caches\modules-2\files-2.1\org.openjfx\javafx-graphics\17.0.2\6f95886c8fed3e1b21370a199c3937846ef6b3cc\javafx-graphics-17.0.2-win.jar;C:\Users\plato\.gradle\caches\modules-2\files-2.1\org.openjfx\javafx-graphics\17.0.2\1eb7ce07e07ccc2fcb26103f07535e72069519d6\javafx-graphics-17.0.2.jar;C:\Users\plato\.gradle\caches\modules-2\files-2.1\org.openjfx\javafx-base\17.0.2\1bd6dc88b180a6239a5067320c2f0d7f3526e1d2\javafx-base-17.0.2-win.jar;C:\Users\plato\.gradle\caches\modules-2\files-2.1\org.openjfx\javafx-base\17.0.2\ca46f15a306175ac1513211e1d190a5baacd77cc\javafx-base-17.0.2.jar;C:\Users\plato\.gradle\caches\modules-2\files-2.1\org.slf4j\slf4j-api\2.0.0\82b150a36b504a09076b29c0509e31702c9c3999\slf4j-api-2.0.0.jar;C:\Users\plato\.gradle\caches\modules-2\files-2.1\org.checkerframework\checker-qual\3.31.0\eeefd4af42e2f4221d145c1791582f91868f99ab\checker-qual-3.31.0.jar -Djdk.module.main=Controller.main Controller.main/org.example.Main

Host: AMD Ryzen 5 5500U with Radeon Graphics         , 12 cores, 9G,  Windows 11 , 64 bit Build 22000 (10.0.22000.2124)
Time: Wed Jul 19 23:17:03 2023 RTZ 2 (s 11 , 64 bit Build 22000 (10.0.22000.2124) elapsed time: 0.924153 seconds (0d 0h 0m 0s)

---------------  T H R E A D  ---------------

Current thread (0x000001a7fec41920):  JavaThread "C2 CompilerThread0" daemon [_thread_in_native, id=44996, stack(0x00000081db600000,0x00000081db700000)]


Current CompileTask:
C2:    924 1127       4       java.util.HashMap::resize (356 bytes)

Stack: [0x00000081db600000,0x00000081db700000]
Native frames: (J=compiled Java code, j=interpreted, Vv=VM code, C=native code)
V  [jvm.dll+0x676a4a]
V  [jvm.dll+0x7d74f4]
V  [jvm.dll+0x7d8c9e]
V  [jvm.dll+0x7d9303]
V  [jvm.dll+0x2452c5]
V  [jvm.dll+0xaaa2b]
V  [jvm.dll+0xaafcc]
V  [jvm.dll+0x36141e]
V  [jvm.dll+0x32bba1]
V  [jvm.dll+0x32b03a]
V  [jvm.dll+0x217acf]
V  [jvm.dll+0x216f01]
V  [jvm.dll+0x1a35e0]
V  [jvm.dll+0x226a6e]
V  [jvm.dll+0x224e15]
V  [jvm.dll+0x78d05c]
V  [jvm.dll+0x78759a]
V  [jvm.dll+0x675875]
C  [ucrtbase.dll+0x26c0c]
C  [KERNEL32.DLL+0x155a0]
C  [ntdll.dll+0x485b]


---------------  P R O C E S S  ---------------

Threads class SMR info:
_java_thread_list=0x000001a784cbbf30, length=19, elements={
0x000001a7e3c156b0, 0x000001a7fec23980, 0x000001a7fec24530, 0x000001a7fec3ce70,
0x000001a7fec3f830, 0x000001a7fec401e0, 0x000001a7fec40b90, 0x000001a7fec41920,
0x000001a7fec423c0, 0x000001a7fec444e0, 0x000001a7fec0bef0, 0x000001a7ff9cae80,
0x000001a7ffa70350, 0x000001a7ffa72850, 0x000001a7ffa9e7f0, 0x000001a784aeb8a0,
0x000001a784b3d1f0, 0x000001a784b68010, 0x000001a784b7a310
}

Java Threads: ( => current thread )
  0x000001a7e3c156b0 JavaThread "main" [_thread_in_vm, id=32480, stack(0x00000081da900000,0x00000081daa00000)]
  0x000001a7fec23980 JavaThread "Reference Handler" daemon [_thread_blocked, id=11792, stack(0x00000081db000000,0x00000081db100000)]
  0x000001a7fec24530 JavaThread "Finalizer" daemon [_thread_blocked, id=5584, stack(0x00000081db100000,0x00000081db200000)]
  0x000001a7fec3ce70 JavaThread "Signal Dispatcher" daemon [_thread_blocked, id=35460, stack(0x00000081db200000,0x00000081db300000)]
  0x000001a7fec3f830 JavaThread "Attach Listener" daemon [_thread_blocked, id=43736, stack(0x00000081db300000,0x00000081db400000)]
  0x000001a7fec401e0 JavaThread "Service Thread" daemon [_thread_blocked, id=11800, stack(0x00000081db400000,0x00000081db500000)]
  0x000001a7fec40b90 JavaThread "Monitor Deflation Thread" daemon [_thread_blocked, id=39392, stack(0x00000081db500000,0x00000081db600000)]
=>0x000001a7fec41920 JavaThread "C2 CompilerThread0" daemon [_thread_in_native, id=44996, stack(0x00000081db600000,0x00000081db700000)]
  0x000001a7fec423c0 JavaThread "C1 CompilerThread0" daemon [_thread_blocked, id=46500, stack(0x00000081db700000,0x00000081db800000)]
  0x000001a7fec444e0 JavaThread "Sweeper thread" daemon [_thread_blocked, id=40908, stack(0x00000081db800000,0x00000081db900000)]
  0x000001a7fec0bef0 JavaThread "Common-Cleaner" daemon [_thread_blocked, id=1692, stack(0x00000081db900000,0x00000081dba00000)]
  0x000001a7ff9cae80 JavaThread "JDWP Transport Listener: dt_socket" daemon [_thread_blocked, id=1084, stack(0x00000081dba00000,0x00000081dbb00000)]
  0x000001a7ffa70350 JavaThread "JDWP Event Helper Thread" daemon [_thread_blocked, id=46740, stack(0x00000081dbb00000,0x00000081dbc00000)]
  0x000001a7ffa72850 JavaThread "JDWP Command Reader" daemon [_thread_in_native, id=23376, stack(0x00000081dbc00000,0x00000081dbd00000)]
  0x000001a7ffa9e7f0 JavaThread "Notification Thread" daemon [_thread_blocked, id=22284, stack(0x00000081dbd00000,0x00000081dbe00000)]
  0x000001a784aeb8a0 JavaThread "QuantumRenderer-0" daemon [_thread_blocked, id=44620, stack(0x00000081dbf00000,0x00000081dc000000)]
  0x000001a784b3d1f0 JavaThread "InvokeLaterDispatcher" daemon [_thread_blocked, id=40848, stack(0x00000081dc000000,0x00000081dc100000)]
  0x000001a784b68010 JavaThread "JavaFX Application Thread" [_thread_in_native, id=42912, stack(0x00000081dc100000,0x00000081dc200000)]
  0x000001a784b7a310 JavaThread "Thread-1" daemon [_thread_in_native, id=11812, stack(0x00000081dc400000,0x00000081dc500000)]

Other Threads:
  0x000001a7fec1dee0 VMThread "VM Thread" [stack: 0x00000081daf00000,0x00000081db000000] [id=38516]
  0x000001a7e3c8c080 WatcherThread [stack: 0x00000081dbe00000,0x00000081dbf00000] [id=29008]
  0x000001a7e3c623f0 GCTaskThread "GC Thread#0" [stack: 0x00000081daa00000,0x00000081dab00000] [id=27680]
  0x000001a784c9a3c0 GCTaskThread "GC Thread#1" [stack: 0x00000081dc500000,0x00000081dc600000] [id=21600]
  0x000001a784b99570 GCTaskThread "GC Thread#2" [stack: 0x00000081dc600000,0x00000081dc700000] [id=44488]
  0x000001a784d72840 GCTaskThread "GC Thread#3" [stack: 0x00000081dc700000,0x00000081dc800000] [id=42024]
  0x000001a784b900c0 GCTaskThread "GC Thread#4" [stack: 0x00000081dc800000,0x00000081dc900000] [id=34576]
  0x000001a784b84710 GCTaskThread "GC Thread#5" [stack: 0x00000081dc900000,0x00000081dca00000] [id=42408]
  0x000001a784cbb9d0 GCTaskThread "GC Thread#6" [stack: 0x00000081dca00000,0x00000081dcb00000] [id=32760]
  0x000001a784b80700 GCTaskThread "GC Thread#7" [stack: 0x00000081dcb00000,0x00000081dcc00000] [id=32664]
  0x000001a784b91630 GCTaskThread "GC Thread#8" [stack: 0x00000081dcc00000,0x00000081dcd00000] [id=11580]
  0x000001a784d97920 GCTaskThread "GC Thread#9" [stack: 0x00000081dcd00000,0x00000081dce00000] [id=46496]
  0x000001a7e3c6f1f0 ConcurrentGCThread "G1 Main Marker" [stack: 0x00000081dab00000,0x00000081dac00000] [id=44596]
  0x000001a7e3c6fc00 ConcurrentGCThread "G1 Conc#0" [stack: 0x00000081dac00000,0x00000081dad00000] [id=37096]
  0x000001a7e3ceda70 ConcurrentGCThread "G1 Refine#0" [stack: 0x00000081dad00000,0x00000081dae00000] [id=39388]
  0x000001a7feae14a0 ConcurrentGCThread "G1 Service" [stack: 0x00000081dae00000,0x00000081daf00000] [id=46524]

Threads with active compile tasks:
C2 CompilerThread0      947 1127       4       java.util.HashMap::resize (356 bytes)
C1 CompilerThread0      947 1221       3       java.lang.invoke.VarHandleByteArrayAsInts$ArrayHandle::get (36 bytes)

VM state: not at safepoint (normal execution)

VM Mutex/Monitor currently owned by a thread: None

Heap address: 0x0000000762c00000, size: 2516 MB, Compressed Oops mode: Zero based, Oop shift amount: 3

CDS archive(s) mapped at: [0x0000000800000000-0x0000000800bd0000-0x0000000800bd0000), size 12386304, SharedBaseAddress: 0x0000000800000000, ArchiveRelocationMode: 0.
Compressed class space mapped at: 0x0000000800c00000-0x0000000840c00000, reserved size: 1073741824
Narrow klass base: 0x0000000800000000, Narrow klass shift: 0, Narrow klass range: 0x100000000

GC Precious Log:
 CPUs: 12 total, 12 available
 Memory: 10062M
 Large Page Support: Disabled
 NUMA Support: Disabled
 Compressed Oops: Enabled (Zero based)
 Heap Region Size: 2M
 Heap Min Capacity: 8M
 Heap Initial Capacity: 158M
 Heap Max Capacity: 2516M
 Pre-touch: Disabled
 Parallel Workers: 10
 Concurrent Workers: 3
 Concurrent Refinement Workers: 10
 Periodic GC: Disabled

Heap:
 garbage-first heap   total 161792K, used 5056K [0x0000000762c00000, 0x0000000800000000)
  region size 2048K, 4 young (8192K), 2 survivors (4096K)
 Metaspace       used 7194K, committed 7424K, reserved 1056768K
  class space    used 827K, committed 960K, reserved 1048576K

Heap Regions: E=young(eden), S=young(survivor), O=old, HS=humongous(starts), HC=humongous(continues), CS=collection set, F=free, OA=open archive, CA=closed archive, TAMS=top-at-mark-start (previous, next)
|   0|0x0000000762c00000, 0x0000000762c00000, 0x0000000762e00000|  0%| F|  |TAMS 0x0000000762c00000, 0x0000000762c00000| Untracked 
|   1|0x0000000762e00000, 0x0000000762e00000, 0x0000000763000000|  0%| F|  |TAMS 0x0000000762e00000, 0x0000000762e00000| Untracked 
|   2|0x0000000763000000, 0x0000000763000000, 0x0000000763200000|  0%| F|  |TAMS 0x0000000763000000, 0x0000000763000000| Untracked 
|   3|0x0000000763200000, 0x0000000763200000, 0x0000000763400000|  0%| F|  |TAMS 0x0000000763200000, 0x0000000763200000| Untracked 
|   4|0x0000000763400000, 0x0000000763400000, 0x0000000763600000|  0%| F|  |TAMS 0x0000000763400000, 0x0000000763400000| Untracked 
|   5|0x0000000763600000, 0x0000000763600000, 0x0000000763800000|  0%| F|  |TAMS 0x0000000763600000, 0x0000000763600000| Untracked 
|   6|0x0000000763800000, 0x0000000763800000, 0x0000000763a00000|  0%| F|  |TAMS 0x0000000763800000, 0x0000000763800000| Untracked 
|   7|0x0000000763a00000, 0x0000000763a00000, 0x0000000763c00000|  0%| F|  |TAMS 0x0000000763a00000, 0x0000000763a00000| Untracked 
|   8|0x0000000763c00000, 0x0000000763c00000, 0x0000000763e00000|  0%| F|  |TAMS 0x0000000763c00000, 0x0000000763c00000| Untracked 
|   9|0x0000000763e00000, 0x0000000763e00000, 0x0000000764000000|  0%| F|  |TAMS 0x0000000763e00000, 0x0000000763e00000| Untracked 
|  10|0x0000000764000000, 0x0000000764000000, 0x0000000764200000|  0%| F|  |TAMS 0x0000000764000000, 0x0000000764000000| Untracked 
|  11|0x0000000764200000, 0x0000000764200000, 0x0000000764400000|  0%| F|  |TAMS 0x0000000764200000, 0x0000000764200000| Untracked 
|  12|0x0000000764400000, 0x0000000764400000, 0x0000000764600000|  0%| F|  |TAMS 0x0000000764400000, 0x0000000764400000| Untracked 
|  13|0x0000000764600000, 0x0000000764600000, 0x0000000764800000|  0%| F|  |TAMS 0x0000000764600000, 0x0000000764600000| Untracked 
|  14|0x0000000764800000, 0x0000000764800000, 0x0000000764a00000|  0%| F|  |TAMS 0x0000000764800000, 0x0000000764800000| Untracked 
|  15|0x0000000764a00000, 0x0000000764a00000, 0x0000000764c00000|  0%| F|  |TAMS 0x0000000764a00000, 0x0000000764a00000| Untracked 
|  16|0x0000000764c00000, 0x0000000764c00000, 0x0000000764e00000|  0%| F|  |TAMS 0x0000000764c00000, 0x0000000764c00000| Untracked 
|  17|0x0000000764e00000, 0x0000000764e00000, 0x0000000765000000|  0%| F|  |TAMS 0x0000000764e00000, 0x0000000764e00000| Untracked 
|  18|0x0000000765000000, 0x0000000765000000, 0x0000000765200000|  0%| F|  |TAMS 0x0000000765000000, 0x0000000765000000| Untracked 
|  19|0x0000000765200000, 0x0000000765200000, 0x0000000765400000|  0%| F|  |TAMS 0x0000000765200000, 0x0000000765200000| Untracked 
|  20|0x0000000765400000, 0x0000000765400000, 0x0000000765600000|  0%| F|  |TAMS 0x0000000765400000, 0x0000000765400000| Untracked 
|  21|0x0000000765600000, 0x0000000765600000, 0x0000000765800000|  0%| F|  |TAMS 0x0000000765600000, 0x0000000765600000| Untracked 
|  22|0x0000000765800000, 0x0000000765800000, 0x0000000765a00000|  0%| F|  |TAMS 0x0000000765800000, 0x0000000765800000| Untracked 
|  23|0x0000000765a00000, 0x0000000765a00000, 0x0000000765c00000|  0%| F|  |TAMS 0x0000000765a00000, 0x0000000765a00000| Untracked 
|  24|0x0000000765c00000, 0x0000000765c00000, 0x0000000765e00000|  0%| F|  |TAMS 0x0000000765c00000, 0x0000000765c00000| Untracked 
|  25|0x0000000765e00000, 0x0000000765e00000, 0x0000000766000000|  0%| F|  |TAMS 0x0000000765e00000, 0x0000000765e00000| Untracked 
|  26|0x0000000766000000, 0x0000000766000000, 0x0000000766200000|  0%| F|  |TAMS 0x0000000766000000, 0x0000000766000000| Untracked 
|  27|0x0000000766200000, 0x0000000766200000, 0x0000000766400000|  0%| F|  |TAMS 0x0000000766200000, 0x0000000766200000| Untracked 
|  28|0x0000000766400000, 0x0000000766400000, 0x0000000766600000|  0%| F|  |TAMS 0x0000000766400000, 0x0000000766400000| Untracked 
|  29|0x0000000766600000, 0x0000000766600000, 0x0000000766800000|  0%| F|  |TAMS 0x0000000766600000, 0x0000000766600000| Untracked 
|  30|0x0000000766800000, 0x0000000766800000, 0x0000000766a00000|  0%| F|  |TAMS 0x0000000766800000, 0x0000000766800000| Untracked 
|  31|0x0000000766a00000, 0x0000000766a00000, 0x0000000766c00000|  0%| F|  |TAMS 0x0000000766a00000, 0x0000000766a00000| Untracked 
|  32|0x0000000766c00000, 0x0000000766c00000, 0x0000000766e00000|  0%| F|  |TAMS 0x0000000766c00000, 0x0000000766c00000| Untracked 
|  33|0x0000000766e00000, 0x0000000766e00000, 0x0000000767000000|  0%| F|  |TAMS 0x0000000766e00000, 0x0000000766e00000| Untracked 
|  34|0x0000000767000000, 0x0000000767000000, 0x0000000767200000|  0%| F|  |TAMS 0x0000000767000000, 0x0000000767000000| Untracked 
|  35|0x0000000767200000, 0x0000000767200000, 0x0000000767400000|  0%| F|  |TAMS 0x0000000767200000, 0x0000000767200000| Untracked 
|  36|0x0000000767400000, 0x0000000767400000, 0x0000000767600000|  0%| F|  |TAMS 0x0000000767400000, 0x0000000767400000| Untracked 
|  37|0x0000000767600000, 0x0000000767600000, 0x0000000767800000|  0%| F|  |TAMS 0x0000000767600000, 0x0000000767600000| Untracked 
|  38|0x0000000767800000, 0x0000000767800000, 0x0000000767a00000|  0%| F|  |TAMS 0x0000000767800000, 0x0000000767800000| Untracked 
|  39|0x0000000767a00000, 0x0000000767a00000, 0x0000000767c00000|  0%| F|  |TAMS 0x0000000767a00000, 0x0000000767a00000| Untracked 
|  40|0x0000000767c00000, 0x0000000767c00000, 0x0000000767e00000|  0%| F|  |TAMS 0x0000000767c00000, 0x0000000767c00000| Untracked 
|  41|0x0000000767e00000, 0x0000000767e00000, 0x0000000768000000|  0%| F|  |TAMS 0x0000000767e00000, 0x0000000767e00000| Untracked 
|  42|0x0000000768000000, 0x0000000768000000, 0x0000000768200000|  0%| F|  |TAMS 0x0000000768000000, 0x0000000768000000| Untracked 
|  43|0x0000000768200000, 0x0000000768200000, 0x0000000768400000|  0%| F|  |TAMS 0x0000000768200000, 0x0000000768200000| Untracked 
|  44|0x0000000768400000, 0x0000000768400000, 0x0000000768600000|  0%| F|  |TAMS 0x0000000768400000, 0x0000000768400000| Untracked 
|  45|0x0000000768600000, 0x0000000768600000, 0x0000000768800000|  0%| F|  |TAMS 0x0000000768600000, 0x0000000768600000| Untracked 
|  46|0x0000000768800000, 0x0000000768800000, 0x0000000768a00000|  0%| F|  |TAMS 0x0000000768800000, 0x0000000768800000| Untracked 
|  47|0x0000000768a00000, 0x0000000768a00000, 0x0000000768c00000|  0%| F|  |TAMS 0x0000000768a00000, 0x0000000768a00000| Untracked 
|  48|0x0000000768c00000, 0x0000000768c00000, 0x0000000768e00000|  0%| F|  |TAMS 0x0000000768c00000, 0x0000000768c00000| Untracked 
|  49|0x0000000768e00000, 0x0000000768e00000, 0x0000000769000000|  0%| F|  |TAMS 0x0000000768e00000, 0x0000000768e00000| Untracked 
|  50|0x0000000769000000, 0x0000000769000000, 0x0000000769200000|  0%| F|  |TAMS 0x0000000769000000, 0x0000000769000000| Untracked 
|  51|0x0000000769200000, 0x0000000769200000, 0x0000000769400000|  0%| F|  |TAMS 0x0000000769200000, 0x0000000769200000| Untracked 
|  52|0x0000000769400000, 0x0000000769400000, 0x0000000769600000|  0%| F|  |TAMS 0x0000000769400000, 0x0000000769400000| Untracked 
|  53|0x0000000769600000, 0x0000000769600000, 0x0000000769800000|  0%| F|  |TAMS 0x0000000769600000, 0x0000000769600000| Untracked 
|  54|0x0000000769800000, 0x0000000769800000, 0x0000000769a00000|  0%| F|  |TAMS 0x0000000769800000, 0x0000000769800000| Untracked 
|  55|0x0000000769a00000, 0x0000000769a00000, 0x0000000769c00000|  0%| F|  |TAMS 0x0000000769a00000, 0x0000000769a00000| Untracked 
|  56|0x0000000769c00000, 0x0000000769c00000, 0x0000000769e00000|  0%| F|  |TAMS 0x0000000769c00000, 0x0000000769c00000| Untracked 
|  57|0x0000000769e00000, 0x0000000769e00000, 0x000000076a000000|  0%| F|  |TAMS 0x0000000769e00000, 0x0000000769e00000| Untracked 
|  58|0x000000076a000000, 0x000000076a000000, 0x000000076a200000|  0%| F|  |TAMS 0x000000076a000000, 0x000000076a000000| Untracked 
|  59|0x000000076a200000, 0x000000076a200000, 0x000000076a400000|  0%| F|  |TAMS 0x000000076a200000, 0x000000076a200000| Untracked 
|  60|0x000000076a400000, 0x000000076a400000, 0x000000076a600000|  0%| F|  |TAMS 0x000000076a400000, 0x000000076a400000| Untracked 
|  61|0x000000076a600000, 0x000000076a600000, 0x000000076a800000|  0%| F|  |TAMS 0x000000076a600000, 0x000000076a600000| Untracked 
|  62|0x000000076a800000, 0x000000076a800000, 0x000000076aa00000|  0%| F|  |TAMS 0x000000076a800000, 0x000000076a800000| Untracked 
|  63|0x000000076aa00000, 0x000000076aa00000, 0x000000076ac00000|  0%| F|  |TAMS 0x000000076aa00000, 0x000000076aa00000| Untracked 
|  64|0x000000076ac00000, 0x000000076ac00000, 0x000000076ae00000|  0%| F|  |TAMS 0x000000076ac00000, 0x000000076ac00000| Untracked 
|  65|0x000000076ae00000, 0x000000076ae00000, 0x000000076b000000|  0%| F|  |TAMS 0x000000076ae00000, 0x000000076ae00000| Untracked 
|  66|0x000000076b000000, 0x000000076b0f0000, 0x000000076b200000| 46%| S|CS|TAMS 0x000000076b000000, 0x000000076b000000| Complete 
|  67|0x000000076b200000, 0x000000076b400000, 0x000000076b400000|100%| S|CS|TAMS 0x000000076b200000, 0x000000076b200000| Complete 
|  68|0x000000076b400000, 0x000000076b400000, 0x000000076b600000|  0%| F|  |TAMS 0x000000076b400000, 0x000000076b400000| Untracked 
|  69|0x000000076b600000, 0x000000076b600000, 0x000000076b800000|  0%| F|  |TAMS 0x000000076b600000, 0x000000076b600000| Untracked 
|  70|0x000000076b800000, 0x000000076b800000, 0x000000076ba00000|  0%| F|  |TAMS 0x000000076b800000, 0x000000076b800000| Untracked 
|  71|0x000000076ba00000, 0x000000076ba00000, 0x000000076bc00000|  0%| F|  |TAMS 0x000000076ba00000, 0x000000076ba00000| Untracked 
|  72|0x000000076bc00000, 0x000000076bc00000, 0x000000076be00000|  0%| F|  |TAMS 0x000000076bc00000, 0x000000076bc00000| Untracked 
|  73|0x000000076be00000, 0x000000076be00000, 0x000000076c000000|  0%| F|  |TAMS 0x000000076be00000, 0x000000076be00000| Untracked 
|  74|0x000000076c000000, 0x000000076c000000, 0x000000076c200000|  0%| F|  |TAMS 0x000000076c000000, 0x000000076c000000| Untracked 
|  75|0x000000076c200000, 0x000000076c200000, 0x000000076c400000|  0%| F|  |TAMS 0x000000076c200000, 0x000000076c200000| Untracked 
|  76|0x000000076c400000, 0x000000076c400000, 0x000000076c600000|  0%| F|  |TAMS 0x000000076c400000, 0x000000076c400000| Untracked 
|  77|0x000000076c600000, 0x000000076c7f8b58, 0x000000076c800000| 98%| E|  |TAMS 0x000000076c600000, 0x000000076c600000| Complete 
|  78|0x000000076c800000, 0x000000076ca00000, 0x000000076ca00000|100%| E|CS|TAMS 0x000000076c800000, 0x000000076c800000| Complete 

Card table byte_map: [0x000001a7faee0000,0x000001a7fb3d0000] _byte_map_base: 0x000001a7f73ca000

Marking Bits (Prev, Next): (CMBitMap*) 0x000001a7e3c63a10, (CMBitMap*) 0x000001a7e3c63a50
 Prev Bits: [0x000001a7fb8c0000, 0x000001a7fe010000)
 Next Bits: [0x000001a780000000, 0x000001a782750000)

Polling page: 0x000001a7e1b50000

Metaspace:

Usage:
  Non-class:      6.22 MB used.
      Class:    827.23 KB used.
       Both:      7.03 MB used.

Virtual space:
  Non-class space:        8.00 MB reserved,       6.31 MB ( 79%) committed,  1 nodes.
      Class space:        1.00 GB reserved,     960.00 KB ( <1%) committed,  1 nodes.
             Both:        1.01 GB reserved,       7.25 MB ( <1%) committed. 

Chunk freelists:
   Non-Class:  780.00 KB
       Class:  3.12 MB
        Both:  3.88 MB

MaxMetaspaceSize: unlimited
CompressedClassSpaceSize: 1.00 GB
Initial GC threshold: 21.00 MB
Current GC threshold: 21.00 MB
CDS: on
MetaspaceReclaimPolicy: balanced
 - commit_granule_bytes: 65536.
 - commit_granule_words: 8192.
 - virtual_space_node_default_size: 1048576.
 - enlarge_chunks_in_place: 1.
 - new_chunks_are_fully_committed: 0.
 - uncommit_free_chunks: 1.
 - use_allocation_guard: 0.
 - handle_deallocations: 1.


Internal statistics:

num_allocs_failed_limit: 0.
num_arena_births: 126.
num_arena_deaths: 0.
num_vsnodes_births: 2.
num_vsnodes_deaths: 0.
num_space_committed: 116.
num_space_uncommitted: 0.
num_chunks_returned_to_freelist: 0.
num_chunks_taken_from_freelist: 282.
num_chunk_merges: 0.
num_chunk_splits: 163.
num_chunks_enlarged: 109.
num_purges: 0.
num_inconsistent_stats: 0.

CodeHeap 'non-profiled nmethods': size=120000Kb used=391Kb max_used=391Kb free=119608Kb
 bounds [0x000001a7f2f70000, 0x000001a7f31e0000, 0x000001a7fa4a0000]
CodeHeap 'profiled nmethods': size=120000Kb used=2040Kb max_used=2040Kb free=117959Kb
 bounds [0x000001a7eb4a0000, 0x000001a7eb710000, 0x000001a7f29d0000]
CodeHeap 'non-nmethods': size=5760Kb used=1259Kb max_used=1278Kb free=4500Kb
 bounds [0x000001a7f29d0000, 0x000001a7f2c40000, 0x000001a7f2f70000]
 total_blobs=1713 nmethods=1221 adapters=405
 compilation: enabled
              stopped_count=0, restarted_count=0
 full_count=0

Compilation events (20 events):
Event: 0.915 Thread 0x000001a7fec423c0 1157       3       java.util.regex.Pattern::append (43 bytes)
Event: 0.915 Thread 0x000001a7fec423c0 nmethod 1157 0x000001a7eb67ce10 code [0x000001a7eb67cfe0, 0x000001a7eb67d418]
Event: 0.915 Thread 0x000001a7fec423c0 1158       1       java.lang.reflect.Constructor::getConstructorAccessor (5 bytes)
Event: 0.915 Thread 0x000001a7fec423c0 nmethod 1158 0x000001a7f2fd0310 code [0x000001a7f2fd04a0, 0x000001a7f2fd0578]
Event: 0.915 Thread 0x000001a7fec423c0 1159       1       java.lang.reflect.Constructor::getRoot (5 bytes)
Event: 0.915 Thread 0x000001a7fec423c0 nmethod 1159 0x000001a7f2fd0610 code [0x000001a7f2fd07a0, 0x000001a7f2fd0878]
Event: 0.915 Thread 0x000001a7fec423c0 1160       1       jdk.internal.reflect.DelegatingConstructorAccessorImpl::setDelegate (6 bytes)
Event: 0.916 Thread 0x000001a7fec423c0 nmethod 1160 0x000001a7f2fd0910 code [0x000001a7f2fd0aa0, 0x000001a7f2fd0bb8]
Event: 0.917 Thread 0x000001a7fec41920 nmethod 1128 0x000001a7f2fd0c10 code [0x000001a7f2fd0da0, 0x000001a7f2fd1178]
Event: 0.917 Thread 0x000001a7fec41920 1127       4       java.util.HashMap::resize (356 bytes)
Event: 0.918 Thread 0x000001a7fec423c0 1161       3       com.sun.crypto.provider.AESCrypt::mul4 (181 bytes)
Event: 0.919 Thread 0x000001a7fec423c0 nmethod 1161 0x000001a7eb67d610 code [0x000001a7eb67d860, 0x000001a7eb67e438]
Event: 0.921 Thread 0x000001a7fec423c0 1162       3       jdk.internal.reflect.ConstructorAccessorImpl::<init> (5 bytes)
Event: 0.921 Thread 0x000001a7fec423c0 nmethod 1162 0x000001a7eb67ea10 code [0x000001a7eb67ebc0, 0x000001a7eb67ed78]
Event: 0.921 Thread 0x000001a7fec423c0 1163       1       jdk.internal.reflect.NativeConstructorAccessorImpl::setParent (6 bytes)
Event: 0.921 Thread 0x000001a7fec423c0 nmethod 1163 0x000001a7f2fd1390 code [0x000001a7f2fd1520, 0x000001a7f2fd1638]
Event: 0.921 Thread 0x000001a7fec423c0 1164   !   3       java.security.Provider::getService (128 bytes)
Event: 0.922 Thread 0x000001a7fec423c0 nmethod 1164 0x000001a7eb67ee90 code [0x000001a7eb67f100, 0x000001a7eb67fe68]
Event: 0.922 Thread 0x000001a7fec423c0 1165       3       java.security.Provider$ServiceKey::matches (22 bytes)
Event: 0.922 Thread 0x000001a7fec423c0 nmethod 1165 0x000001a7eb680290 code [0x000001a7eb680420, 0x000001a7eb6805d8]

GC Heap History (2 events):
Event: 0.581 GC heap before
{Heap before GC invocations=0 (full 0):
 garbage-first heap   total 161792K, used 22528K [0x0000000762c00000, 0x0000000800000000)
  region size 2048K, 11 young (22528K), 0 survivors (0K)
 Metaspace       used 4803K, committed 4992K, reserved 1056768K
  class space    used 548K, committed 640K, reserved 1048576K
}
Event: 0.584 GC heap after
{Heap after GC invocations=1 (full 0):
 garbage-first heap   total 161792K, used 3008K [0x0000000762c00000, 0x0000000800000000)
  region size 2048K, 2 young (4096K), 2 survivors (4096K)
 Metaspace       used 4803K, committed 4992K, reserved 1056768K
  class space    used 548K, committed 640K, reserved 1048576K
}

Deoptimization events (20 events):
Event: 0.531 Thread 0x000001a7e3c156b0 Uncommon trap: trap_request=0xffffff45 fr.pc=0x000001a7f2f851c8 relative=0x0000000000000048
Event: 0.531 Thread 0x000001a7e3c156b0 Uncommon trap: reason=unstable_if action=reinterpret pc=0x000001a7f2f851c8 method=java.lang.CharacterData.of(I)Ljava/lang/CharacterData; @ 4 c2
Event: 0.531 Thread 0x000001a7e3c156b0 DEOPT PACKING pc=0x000001a7f2f851c8 sp=0x00000081da9fd1b0
Event: 0.531 Thread 0x000001a7e3c156b0 DEOPT UNPACKING pc=0x000001a7f2a223a3 sp=0x00000081da9fd150 mode 2
Event: 0.885 Thread 0x000001a7e3c156b0 Uncommon trap: trap_request=0xffffffde fr.pc=0x000001a7f2f9256c relative=0x0000000000000e6c
Event: 0.885 Thread 0x000001a7e3c156b0 Uncommon trap: reason=class_check action=maybe_recompile pc=0x000001a7f2f9256c method=java.util.HashMap.putVal(ILjava/lang/Object;Ljava/lang/Object;ZZ)Ljava/lang/Object; @ 203 c2
Event: 0.885 Thread 0x000001a7e3c156b0 DEOPT PACKING pc=0x000001a7f2f9256c sp=0x00000081da9fb4a0
Event: 0.885 Thread 0x000001a7e3c156b0 DEOPT UNPACKING pc=0x000001a7f2a223a3 sp=0x00000081da9fb460 mode 2
Event: 0.885 Thread 0x000001a7e3c156b0 Uncommon trap: trap_request=0xffffffde fr.pc=0x000001a7f2f9256c relative=0x0000000000000e6c
Event: 0.885 Thread 0x000001a7e3c156b0 Uncommon trap: reason=class_check action=maybe_recompile pc=0x000001a7f2f9256c method=java.util.HashMap.putVal(ILjava/lang/Object;Ljava/lang/Object;ZZ)Ljava/lang/Object; @ 203 c2
Event: 0.885 Thread 0x000001a7e3c156b0 DEOPT PACKING pc=0x000001a7f2f9256c sp=0x00000081da9fb4a0
Event: 0.885 Thread 0x000001a7e3c156b0 DEOPT UNPACKING pc=0x000001a7f2a223a3 sp=0x00000081da9fb460 mode 2
Event: 0.885 Thread 0x000001a7e3c156b0 Uncommon trap: trap_request=0xffffffde fr.pc=0x000001a7f2f9256c relative=0x0000000000000e6c
Event: 0.885 Thread 0x000001a7e3c156b0 Uncommon trap: reason=class_check action=maybe_recompile pc=0x000001a7f2f9256c method=java.util.HashMap.putVal(ILjava/lang/Object;Ljava/lang/Object;ZZ)Ljava/lang/Object; @ 203 c2
Event: 0.886 Thread 0x000001a7e3c156b0 DEOPT PACKING pc=0x000001a7f2f9256c sp=0x00000081da9fb4a0
Event: 0.886 Thread 0x000001a7e3c156b0 DEOPT UNPACKING pc=0x000001a7f2a223a3 sp=0x00000081da9fb460 mode 2
Event: 0.887 Thread 0x000001a7e3c156b0 Uncommon trap: trap_request=0xffffffde fr.pc=0x000001a7f2f9256c relative=0x0000000000000e6c
Event: 0.887 Thread 0x000001a7e3c156b0 Uncommon trap: reason=class_check action=maybe_recompile pc=0x000001a7f2f9256c method=java.util.HashMap.putVal(ILjava/lang/Object;Ljava/lang/Object;ZZ)Ljava/lang/Object; @ 203 c2
Event: 0.887 Thread 0x000001a7e3c156b0 DEOPT PACKING pc=0x000001a7f2f9256c sp=0x00000081da9fb4a0
Event: 0.887 Thread 0x000001a7e3c156b0 DEOPT UNPACKING pc=0x000001a7f2a223a3 sp=0x00000081da9fb460 mode 2

Classes unloaded (0 events):
No events

Classes redefined (0 events):
No events

Internal exceptions (20 events):
Event: 0.145 Thread 0x000001a7e3c156b0 Exception <a 'java/lang/NoSuchMethodError'{0x000000076c3d9c08}: 'java.lang.Object java.lang.invoke.DirectMethodHandle$Holder.invokeInterface(java.lang.Object, java.lang.Object)'> (0x000000076c3d9c08) 
thrown [s\open\src\hotspot\share\interpreter\linkResolver.cpp, line 759]
Event: 0.145 Thread 0x000001a7e3c156b0 Exception <a 'java/lang/IncompatibleClassChangeError'{0x000000076c3dd280}: Found class java.lang.Object, but interface was expected> (0x000000076c3dd280) 
thrown [s\open\src\hotspot\share\interpreter\linkResolver.cpp, line 826]
Event: 0.145 Thread 0x000001a7e3c156b0 Exception <a 'java/lang/NoSuchMethodError'{0x000000076c3e0048}: 'void java.lang.invoke.DirectMethodHandle$Holder.invokeStatic(java.lang.Object, java.lang.Object, java.lang.Object, java.lang.Object)'> (0x000000076c3e0048) 
thrown [s\open\src\hotspot\share\interpreter\linkResolver.cpp, line 759]
Event: 0.176 Thread 0x000001a7e3c156b0 Exception <a 'java/lang/NoSuchMethodError'{0x000000076c188148}: 'java.lang.Object java.lang.invoke.DirectMethodHandle$Holder.invokeStaticInit(java.lang.Object)'> (0x000000076c188148) 
thrown [s\open\src\hotspot\share\interpreter\linkResolver.cpp, line 759]
Event: 0.180 Thread 0x000001a7e3c156b0 Exception <a 'java/lang/NoSuchMethodError'{0x000000076c1967a0}: 'void java.lang.invoke.DirectMethodHandle$Holder.invokeStatic(java.lang.Object, java.lang.Object)'> (0x000000076c1967a0) 
thrown [s\open\src\hotspot\share\interpreter\linkResolver.cpp, line 759]
Event: 0.407 Thread 0x000001a7e3c156b0 Exception <a 'java/lang/NoSuchMethodError'{0x000000076bbaba90}: 'void java.lang.invoke.DirectMethodHandle$Holder.invokeStatic(java.lang.Object, java.lang.Object, java.lang.Object)'> (0x000000076bbaba90) 
thrown [s\open\src\hotspot\share\interpreter\linkResolver.cpp, line 759]
Event: 0.435 Thread 0x000001a7e3c156b0 Exception <a 'java/lang/NoSuchMethodError'{0x000000076bbc89c0}: 'int java.lang.invoke.DirectMethodHandle$Holder.invokeStaticInit(java.lang.Object, java.lang.Object, java.lang.Object)'> (0x000000076bbc89c0) 
thrown [s\open\src\hotspot\share\interpreter\linkResolver.cpp, line 759]
Event: 0.454 Thread 0x000001a7e3c156b0 Exception <a 'java/lang/NoSuchMethodError'{0x000000076b9306b0}: 'java.lang.Object java.lang.invoke.DirectMethodHandle$Holder.newInvokeSpecial(java.lang.Object, java.lang.Object, int, java.lang.Object)'> (0x000000076b9306b0) 
thrown [s\open\src\hotspot\share\interpreter\linkResolver.cpp, line 759]
Event: 0.454 Thread 0x000001a7e3c156b0 Exception <a 'java/lang/NoSuchMethodError'{0x000000076b934a90}: 'java.lang.Object java.lang.invoke.DirectMethodHandle$Holder.invokeSpecial(java.lang.Object, java.lang.Object, java.lang.Object, int, java.lang.Object)'> (0x000000076b934a90) 
thrown [s\open\src\hotspot\share\interpreter\linkResolver.cpp, line 759]
Event: 0.497 Thread 0x000001a784b68010 Exception <a 'java/lang/NoSuchMethodError'{0x000000076b66c4f8}: 'void java.lang.invoke.DirectMethodHandle$Holder.invokeStaticInit(java.lang.Object)'> (0x000000076b66c4f8) 
thrown [s\open\src\hotspot\share\interpreter\linkResolver.cpp, line 759]
Event: 0.500 Thread 0x000001a7e3c156b0 Exception <a 'java/lang/NoSuchMethodError'{0x000000076b949b40}: 'java.lang.Object java.lang.invoke.DirectMethodHandle$Holder.newInvokeSpecial(java.lang.Object, java.lang.Object, java.lang.Object, java.lang.Object, java.lang.Object, java.lang.Object)'> (0x000000076b949b40) 
thrown [s\open\src\hotspot\share\interpreter\linkResolver.cpp, line 759]
Event: 0.572 Thread 0x000001a7e3c156b0 Exception <a 'java/lang/NoSuchMethodError'{0x000000076b5b4438}: 'java.lang.Object java.lang.invoke.DirectMethodHandle$Holder.invokeVirtual(java.lang.Object, java.lang.Object, java.lang.Object, java.lang.Object)'> (0x000000076b5b4438) 
thrown [s\open\src\hotspot\share\interpreter\linkResolver.cpp, line 759]
Event: 0.591 Thread 0x000001a7e3c156b0 Exception <a 'java/lang/NoSuchMethodError'{0x000000076c850fe8}: 'int java.lang.invoke.DirectMethodHandle$Holder.invokeStatic(java.lang.Object, java.lang.Object, java.lang.Object, java.lang.Object)'> (0x000000076c850fe8) 
thrown [s\open\src\hotspot\share\interpreter\linkResolver.cpp, line 759]
Event: 0.591 Thread 0x000001a7e3c156b0 Exception <a 'java/lang/NoSuchMethodError'{0x000000076c854820}: 'int java.lang.invoke.DirectMethodHandle$Holder.invokeStaticInit(java.lang.Object, java.lang.Object, java.lang.Object, java.lang.Object)'> (0x000000076c854820) 
thrown [s\open\src\hotspot\share\interpreter\linkResolver.cpp, line 759]
Event: 0.592 Thread 0x000001a7e3c156b0 Exception <a 'java/lang/IncompatibleClassChangeError'{0x000000076c85d6a0}: Found class java.lang.Object, but interface was expected> (0x000000076c85d6a0) 
thrown [s\open\src\hotspot\share\interpreter\linkResolver.cpp, line 826]
Event: 0.592 Thread 0x000001a7e3c156b0 Exception <a 'java/lang/NoSuchMethodError'{0x000000076c860598}: 'void java.lang.invoke.DirectMethodHandle$Holder.invokeStaticInit(java.lang.Object, java.lang.Object)'> (0x000000076c860598) 
thrown [s\open\src\hotspot\share\interpreter\linkResolver.cpp, line 759]
Event: 0.593 Thread 0x000001a7e3c156b0 Exception <a 'java/lang/NoSuchMethodError'{0x000000076c867558}: 'int java.lang.invoke.DirectMethodHandle$Holder.invokeStaticInit(java.lang.Object, java.lang.Object)'> (0x000000076c867558) 
thrown [s\open\src\hotspot\share\interpreter\linkResolver.cpp, line 759]
Event: 0.743 Thread 0x000001a7e3c156b0 Exception <a 'java/lang/ClassNotFoundException'{0x000000076c9e0d80}: jdk/net/ExtendedSocketOptions> (0x000000076c9e0d80) 
thrown [s\open\src\hotspot\share\classfile\systemDictionary.cpp, line 256]
Event: 0.818 Thread 0x000001a7e3c156b0 Exception <a 'java/lang/NoSuchMethodError'{0x000000076c624118}: 'int java.lang.invoke.DirectMethodHandle$Holder.invokeSpecial(java.lang.Object, java.lang.Object, java.lang.Object)'> (0x000000076c624118) 
thrown [s\open\src\hotspot\share\interpreter\linkResolver.cpp, line 759]
Event: 0.905 Thread 0x000001a7e3c156b0 Exception <a 'sun/nio/fs/WindowsException'{0x000000076c709cf8}> (0x000000076c709cf8) 
thrown [s\open\src\hotspot\share\prims\jni.cpp, line 516]

VM Operations (20 events):
Event: 0.144 Executing VM operation: HandshakeAllThreads
Event: 0.144 Executing VM operation: HandshakeAllThreads done
Event: 0.159 Executing VM operation: ChangeBreakpoints
Event: 0.159 Executing VM operation: ChangeBreakpoints done
Event: 0.443 Executing VM operation: HandshakeAllThreads
Event: 0.443 Executing VM operation: HandshakeAllThreads done
Event: 0.520 Executing VM operation: ChangeBreakpoints
Event: 0.520 Executing VM operation: ChangeBreakpoints done
Event: 0.531 Executing VM operation: HandshakeAllThreads
Event: 0.531 Executing VM operation: HandshakeAllThreads done
Event: 0.539 Executing VM operation: HandshakeAllThreads
Event: 0.539 Executing VM operation: HandshakeAllThreads done
Event: 0.548 Executing VM operation: HandshakeAllThreads
Event: 0.548 Executing VM operation: HandshakeAllThreads done
Event: 0.581 Executing VM operation: G1CollectForAllocation
Event: 0.584 Executing VM operation: G1CollectForAllocation done
Event: 0.608 Executing VM operation: HandshakeAllThreads
Event: 0.608 Executing VM operation: HandshakeAllThreads done
Event: 0.911 Executing VM operation: HandshakeAllThreads
Event: 0.911 Executing VM operation: HandshakeAllThreads done

Events (20 events):
Event: 0.921 loading class sun/security/ssl/SSLCipher$T12CC20P1305ReadCipherGenerator done
Event: 0.921 loading class sun/security/ssl/SSLCipher$T13CC20P1305ReadCipherGenerator
Event: 0.921 loading class sun/security/ssl/SSLCipher$T13CC20P1305ReadCipherGenerator done
Event: 0.921 loading class sun/security/ssl/SSLCipher$T12CC20P1305WriteCipherGenerator
Event: 0.921 loading class sun/security/ssl/SSLCipher$T12CC20P1305WriteCipherGenerator done
Event: 0.921 loading class sun/security/ssl/SSLCipher$T13CC20P1305WriteCipherGenerator
Event: 0.921 loading class sun/security/ssl/SSLCipher$T13CC20P1305WriteCipherGenerator done
Event: 0.922 loading class com/sun/crypto/provider/ChaCha20Cipher$ChaCha20Poly1305
Event: 0.922 loading class com/sun/crypto/provider/ChaCha20Cipher
Event: 0.922 loading class com/sun/crypto/provider/ChaCha20Cipher done
Event: 0.922 loading class com/sun/crypto/provider/ChaCha20Cipher$ChaCha20Poly1305 done
Event: 0.922 loading class sun/security/ssl/SSLCipher$1
Event: 0.922 loading class sun/security/ssl/SSLCipher$1 done
Event: 0.922 loading class sun/security/ssl/CipherSuite$HashAlg
Event: 0.922 loading class sun/security/ssl/CipherSuite$HashAlg done
Event: 0.922 loading class sun/security/ssl/CipherSuite$MacAlg
Event: 0.922 loading class sun/security/ssl/CipherSuite$MacAlg done
Event: 0.922 loading class sun/security/ssl/CipherSuite$KeyExchange
Event: 0.922 loading class sun/security/ssl/CipherSuite$KeyExchange done
Event: 0.922 loading class sun/security/ssl/NamedGroup$NamedGroupSpec


Dynamic libraries:
0x00007ff6645c0000 - 0x00007ff6645d0000 	C:\Program Files\Java\jdk-17\bin\java.exe
0x00007ffd47a20000 - 0x00007ffd47c29000 	C:\Windows\SYSTEM32\ntdll.dll
0x00007ffd46310000 - 0x00007ffd463ce000 	C:\Windows\System32\KERNEL32.DLL
0x00007ffd454e0000 - 0x00007ffd45864000 	C:\Windows\System32\KERNELBASE.dll
0x00007ffd453c0000 - 0x00007ffd454d1000 	C:\Windows\System32\ucrtbase.dll
0x00007ffd41bc0000 - 0x00007ffd41bd9000 	C:\Program Files\Java\jdk-17\bin\jli.dll
0x00007ffd37910000 - 0x00007ffd3792b000 	C:\Program Files\Java\jdk-17\bin\VCRUNTIME140.dll
0x00007ffd47800000 - 0x00007ffd478af000 	C:\Windows\System32\ADVAPI32.dll
0x00007ffd47630000 - 0x00007ffd476d3000 	C:\Windows\System32\msvcrt.dll
0x00007ffd46f70000 - 0x00007ffd4700e000 	C:\Windows\System32\sechost.dll
0x00007ffd46e30000 - 0x00007ffd46f51000 	C:\Windows\System32\RPCRT4.dll
0x00007ffd46b90000 - 0x00007ffd46d3d000 	C:\Windows\System32\USER32.dll
0x00007ffd44f30000 - 0x00007ffd44f56000 	C:\Windows\System32\win32u.dll
0x00007ffd25d30000 - 0x00007ffd25fd5000 	C:\Windows\WinSxS\amd64_microsoft.windows.common-controls_6595b64144ccf1df_6.0.22000.120_none_9d947278b86cc467\COMCTL32.dll
0x00007ffd47550000 - 0x00007ffd4757a000 	C:\Windows\System32\GDI32.dll
0x00007ffd450c0000 - 0x00007ffd451df000 	C:\Windows\System32\gdi32full.dll
0x00007ffd44f60000 - 0x00007ffd44ffd000 	C:\Windows\System32\msvcp_win.dll
0x00007ffd397f0000 - 0x00007ffd397fa000 	C:\Windows\SYSTEM32\VERSION.dll
0x00007ffd478b0000 - 0x00007ffd478e1000 	C:\Windows\System32\IMM32.DLL
0x00007ffd40e00000 - 0x00007ffd40e0c000 	C:\Program Files\Java\jdk-17\bin\vcruntime140_1.dll
0x00007ffd24860000 - 0x00007ffd248ee000 	C:\Program Files\Java\jdk-17\bin\msvcp140.dll
0x00007ffd08450000 - 0x00007ffd0902d000 	C:\Program Files\Java\jdk-17\bin\server\jvm.dll
0x00007ffd46300000 - 0x00007ffd46308000 	C:\Windows\System32\PSAPI.DLL
0x00007ffd43760000 - 0x00007ffd43793000 	C:\Windows\SYSTEM32\WINMM.dll
0x00007ffd308f0000 - 0x00007ffd308f9000 	C:\Windows\SYSTEM32\WSOCK32.dll
0x00007ffd46a20000 - 0x00007ffd46a8f000 	C:\Windows\System32\WS2_32.dll
0x00007ffd43f50000 - 0x00007ffd43f68000 	C:\Windows\SYSTEM32\kernel.appcore.dll
0x00007ffd40de0000 - 0x00007ffd40dea000 	C:\Program Files\Java\jdk-17\bin\jimage.dll
0x00007ffd426f0000 - 0x00007ffd42911000 	C:\Windows\SYSTEM32\DBGHELP.DLL
0x00007ffd43700000 - 0x00007ffd43731000 	C:\Windows\SYSTEM32\dbgcore.DLL
0x00007ffd44eb0000 - 0x00007ffd44f2f000 	C:\Windows\System32\bcryptPrimitives.dll
0x00007ffd25390000 - 0x00007ffd253cb000 	C:\Program Files\Java\jdk-17\bin\jdwp.dll
0x00007ffd348f0000 - 0x00007ffd34915000 	C:\Program Files\Java\jdk-17\bin\java.dll
0x00007ffd243b0000 - 0x00007ffd24487000 	C:\Program Files\Java\jdk-17\bin\jsvml.dll
0x00007ffd45a10000 - 0x00007ffd461d5000 	C:\Windows\System32\SHELL32.dll
0x00007ffd42dd0000 - 0x00007ffd43634000 	C:\Windows\SYSTEM32\windows.storage.dll
0x00007ffd463d0000 - 0x00007ffd46746000 	C:\Windows\System32\combase.dll
0x00007ffd42c60000 - 0x00007ffd42dc7000 	C:\Windows\SYSTEM32\wintypes.dll
0x00007ffd46d40000 - 0x00007ffd46e2a000 	C:\Windows\System32\SHCORE.dll
0x00007ffd47010000 - 0x00007ffd4706d000 	C:\Windows\System32\shlwapi.dll
0x00007ffd44de0000 - 0x00007ffd44e05000 	C:\Windows\SYSTEM32\profapi.dll
0x00007ffd340f0000 - 0x00007ffd34109000 	C:\Program Files\Java\jdk-17\bin\net.dll
0x00007ffd3da30000 - 0x00007ffd3db43000 	C:\Windows\SYSTEM32\WINHTTP.dll
0x00007ffd44490000 - 0x00007ffd444f7000 	C:\Windows\system32\mswsock.dll
0x00007ffd340b0000 - 0x00007ffd340c6000 	C:\Program Files\Java\jdk-17\bin\nio.dll
0x00007ffd33e20000 - 0x00007ffd33e38000 	C:\Program Files\Java\jdk-17\bin\zip.dll
0x00007ffd39400000 - 0x00007ffd3940c000 	C:\Program Files\Java\jdk-17\bin\dt_socket.dll
0x00007ffd439f0000 - 0x00007ffd43a1d000 	C:\Windows\SYSTEM32\IPHLPAPI.DLL
0x000001a7e1bf0000 - 0x000001a7e1bf3000 	C:\Users\plato\.openjfx\cache\17.0.2-ea\api-ms-win-core-console-l1-1-0.dll
0x000001a7e1c00000 - 0x000001a7e1c03000 	C:\Users\plato\.openjfx\cache\17.0.2-ea\api-ms-win-core-console-l1-2-0.dll
0x000001a7e1c10000 - 0x000001a7e1c13000 	C:\Users\plato\.openjfx\cache\17.0.2-ea\api-ms-win-core-datetime-l1-1-0.dll
0x000001a7e1c20000 - 0x000001a7e1c23000 	C:\Users\plato\.openjfx\cache\17.0.2-ea\api-ms-win-core-debug-l1-1-0.dll
0x000001a7e1c30000 - 0x000001a7e1c33000 	C:\Users\plato\.openjfx\cache\17.0.2-ea\api-ms-win-core-errorhandling-l1-1-0.dll
0x000001a7e3b20000 - 0x000001a7e3b24000 	C:\Users\plato\.openjfx\cache\17.0.2-ea\api-ms-win-core-file-l1-1-0.dll
0x000001a7e3b30000 - 0x000001a7e3b33000 	C:\Users\plato\.openjfx\cache\17.0.2-ea\api-ms-win-core-file-l1-2-0.dll
0x000001a7e3b40000 - 0x000001a7e3b43000 	C:\Users\plato\.openjfx\cache\17.0.2-ea\api-ms-win-core-file-l2-1-0.dll
0x000001a7e3b50000 - 0x000001a7e3b53000 	C:\Users\plato\.openjfx\cache\17.0.2-ea\api-ms-win-core-handle-l1-1-0.dll
0x000001a7e3b60000 - 0x000001a7e3b63000 	C:\Users\plato\.openjfx\cache\17.0.2-ea\api-ms-win-core-heap-l1-1-0.dll
0x000001a7e3b70000 - 0x000001a7e3b73000 	C:\Users\plato\.openjfx\cache\17.0.2-ea\api-ms-win-core-interlocked-l1-1-0.dll
0x000001a7e3b80000 - 0x000001a7e3b83000 	C:\Users\plato\.openjfx\cache\17.0.2-ea\api-ms-win-core-libraryloader-l1-1-0.dll
0x000001a7e3b90000 - 0x000001a7e3b93000 	C:\Users\plato\.openjfx\cache\17.0.2-ea\api-ms-win-core-localization-l1-2-0.dll
0x000001a7e3ba0000 - 0x000001a7e3ba3000 	C:\Users\plato\.openjfx\cache\17.0.2-ea\api-ms-win-core-memory-l1-1-0.dll
0x000001a7e3bb0000 - 0x000001a7e3bb3000 	C:\Users\plato\.openjfx\cache\17.0.2-ea\api-ms-win-core-namedpipe-l1-1-0.dll
0x000001a7e3bc0000 - 0x000001a7e3bc3000 	C:\Users\plato\.openjfx\cache\17.0.2-ea\api-ms-win-core-processenvironment-l1-1-0.dll
0x000001a7e3bd0000 - 0x000001a7e3bd3000 	C:\Users\plato\.openjfx\cache\17.0.2-ea\api-ms-win-core-processthreads-l1-1-0.dll
0x000001a7e3be0000 - 0x000001a7e3be3000 	C:\Users\plato\.openjfx\cache\17.0.2-ea\api-ms-win-core-processthreads-l1-1-1.dll
0x000001a7fedd0000 - 0x000001a7fedd3000 	C:\Users\plato\.openjfx\cache\17.0.2-ea\api-ms-win-core-profile-l1-1-0.dll
0x000001a7fede0000 - 0x000001a7fede3000 	C:\Users\plato\.openjfx\cache\17.0.2-ea\api-ms-win-core-rtlsupport-l1-1-0.dll
0x000001a7fedf0000 - 0x000001a7fedf3000 	C:\Users\plato\.openjfx\cache\17.0.2-ea\api-ms-win-core-string-l1-1-0.dll
0x000001a7fee00000 - 0x000001a7fee03000 	C:\Users\plato\.openjfx\cache\17.0.2-ea\api-ms-win-core-synch-l1-1-0.dll
0x000001a7fee10000 - 0x000001a7fee13000 	C:\Users\plato\.openjfx\cache\17.0.2-ea\api-ms-win-core-synch-l1-2-0.dll
0x000001a7fee20000 - 0x000001a7fee23000 	C:\Users\plato\.openjfx\cache\17.0.2-ea\api-ms-win-core-sysinfo-l1-1-0.dll
0x000001a7fee30000 - 0x000001a7fee33000 	C:\Users\plato\.openjfx\cache\17.0.2-ea\api-ms-win-core-timezone-l1-1-0.dll
0x000001a7fee40000 - 0x000001a7fee43000 	C:\Users\plato\.openjfx\cache\17.0.2-ea\api-ms-win-core-util-l1-1-0.dll
0x000001a7fee50000 - 0x000001a7fee53000 	C:\Users\plato\.openjfx\cache\17.0.2-ea\api-ms-win-crt-conio-l1-1-0.dll
0x000001a7fee60000 - 0x000001a7fee64000 	C:\Users\plato\.openjfx\cache\17.0.2-ea\api-ms-win-crt-convert-l1-1-0.dll
0x000001a7fee70000 - 0x000001a7fee73000 	C:\Users\plato\.openjfx\cache\17.0.2-ea\api-ms-win-crt-environment-l1-1-0.dll
0x000001a7fee80000 - 0x000001a7fee83000 	C:\Users\plato\.openjfx\cache\17.0.2-ea\api-ms-win-crt-filesystem-l1-1-0.dll
0x000001a7fee90000 - 0x000001a7fee93000 	C:\Users\plato\.openjfx\cache\17.0.2-ea\api-ms-win-crt-heap-l1-1-0.dll
0x000001a7feea0000 - 0x000001a7feea3000 	C:\Users\plato\.openjfx\cache\17.0.2-ea\api-ms-win-crt-locale-l1-1-0.dll
0x000001a7feeb0000 - 0x000001a7feeb5000 	C:\Users\plato\.openjfx\cache\17.0.2-ea\api-ms-win-crt-math-l1-1-0.dll
0x000001a7feec0000 - 0x000001a7feec5000 	C:\Users\plato\.openjfx\cache\17.0.2-ea\api-ms-win-crt-multibyte-l1-1-0.dll
0x000001a7feed0000 - 0x000001a7feee0000 	C:\Users\plato\.openjfx\cache\17.0.2-ea\api-ms-win-crt-private-l1-1-0.dll
0x000001a7feee0000 - 0x000001a7feee3000 	C:\Users\plato\.openjfx\cache\17.0.2-ea\api-ms-win-crt-process-l1-1-0.dll
0x000001a7feef0000 - 0x000001a7feef4000 	C:\Users\plato\.openjfx\cache\17.0.2-ea\api-ms-win-crt-runtime-l1-1-0.dll
0x000001a7fef00000 - 0x000001a7fef04000 	C:\Users\plato\.openjfx\cache\17.0.2-ea\api-ms-win-crt-stdio-l1-1-0.dll
0x000001a7fef10000 - 0x000001a7fef14000 	C:\Users\plato\.openjfx\cache\17.0.2-ea\api-ms-win-crt-string-l1-1-0.dll
0x000001a7fef20000 - 0x000001a7fef23000 	C:\Users\plato\.openjfx\cache\17.0.2-ea\api-ms-win-crt-time-l1-1-0.dll
0x000001a7fef30000 - 0x000001a7fef33000 	C:\Users\plato\.openjfx\cache\17.0.2-ea\api-ms-win-crt-utility-l1-1-0.dll
0x00007ffd25290000 - 0x00007ffd2538c000 	C:\Users\plato\.openjfx\cache\17.0.2-ea\ucrtbase.dll
0x00007ffd26850000 - 0x00007ffd2686a000 	C:\Users\plato\.openjfx\cache\17.0.2-ea\vcruntime140.dll
0x00007ffd393f0000 - 0x00007ffd393fc000 	C:\Users\plato\.openjfx\cache\17.0.2-ea\vcruntime140_1.dll
0x00007ffd24670000 - 0x00007ffd246fd000 	C:\Users\plato\.openjfx\cache\17.0.2-ea\msvcp140.dll
0x00007ffd25260000 - 0x00007ffd2528a000 	C:\Users\plato\.openjfx\cache\17.0.2-ea\prism_d3d.dll
0x00007ffcebe90000 - 0x00007ffcec036000 	C:\Windows\system32\d3d9.dll
0x00007ffd423f0000 - 0x00007ffd4241f000 	C:\Windows\SYSTEM32\dwmapi.dll
0x00007ffd41f80000 - 0x00007ffd41fb8000 	C:\Windows\SYSTEM32\dxcore.dll
0x00007ffd41e70000 - 0x00007ffd41f1c000 	C:\Windows\system32\uxtheme.dll
0x00007ffd398d0000 - 0x00007ffd39a88000 	C:\Windows\System32\DriverStore\FileRepository\u0380680.inf_amd64_af18cc8f47b8a04e\B374868\aticfx64.dll
0x00007ffd24d90000 - 0x00007ffd24dc4000 	C:\Windows\System32\DriverStore\FileRepository\u0380680.inf_amd64_af18cc8f47b8a04e\B374868\atiu9p64.dll
0x00007ffcecba0000 - 0x00007ffced8f4000 	C:\Windows\System32\DriverStore\FileRepository\u0380680.inf_amd64_af18cc8f47b8a04e\B374868\atiumd64.dll
0x00007ffd45870000 - 0x00007ffd45a0a000 	C:\Windows\System32\ole32.dll
0x00007ffd397c0000 - 0x00007ffd397f0000 	C:\Windows\SYSTEM32\amdihk64.dll
0x00007ffd3f5e0000 - 0x00007ffd3f624000 	C:\Windows\SYSTEM32\directxdatabasehelper.dll
0x00007ffd43f70000 - 0x00007ffd43fa4000 	C:\Windows\SYSTEM32\ntmarta.dll
0x00007ffd24620000 - 0x00007ffd24662000 	C:\Users\plato\.openjfx\cache\17.0.2-ea\glass.dll
0x00007ffd478f0000 - 0x00007ffd479dc000 	C:\Windows\System32\COMDLG32.dll
0x00007ffd46940000 - 0x00007ffd46a16000 	C:\Windows\System32\OLEAUT32.dll
0x00007ffd461e0000 - 0x00007ffd462fd000 	C:\Windows\System32\MSCTF.dll
0x00007ffd43a20000 - 0x00007ffd43b07000 	C:\Windows\SYSTEM32\DNSAPI.dll
0x00007ffd46a90000 - 0x00007ffd46a99000 	C:\Windows\System32\NSI.dll
0x00007ffd39800000 - 0x00007ffd3980a000 	C:\Windows\System32\rasadhlp.dll
0x00007ffd3b340000 - 0x00007ffd3b3c2000 	C:\Windows\System32\fwpuclnt.dll
0x00007ffd3f840000 - 0x00007ffd3f84a000 	C:\Program Files\Java\jdk-17\bin\management.dll
0x00007ffd3f800000 - 0x00007ffd3f80b000 	C:\Program Files\Java\jdk-17\bin\management_ext.dll
0x00007ffd44700000 - 0x00007ffd44718000 	C:\Windows\SYSTEM32\CRYPTSP.dll
0x00007ffd43eb0000 - 0x00007ffd43ee5000 	C:\Windows\system32\rsaenh.dll
0x00007ffd445b0000 - 0x00007ffd445dc000 	C:\Windows\SYSTEM32\USERENV.dll
0x00007ffd44880000 - 0x00007ffd448a7000 	C:\Windows\SYSTEM32\bcrypt.dll
0x00007ffd44720000 - 0x00007ffd4472c000 	C:\Windows\SYSTEM32\CRYPTBASE.dll

dbghelp: loaded successfully - version: 4.0.5 - missing functions: none
symbol engine: initialized successfully - sym options: 0x614 - pdb path: .;C:\Program Files\Java\jdk-17\bin;C:\Windows\SYSTEM32;C:\Windows\WinSxS\amd64_microsoft.windows.common-controls_6595b64144ccf1df_6.0.22000.120_none_9d947278b86cc467;C:\Program Files\Java\jdk-17\bin\server;C:\Users\plato\.openjfx\cache\17.0.2-ea;C:\Windows\System32\DriverStore\FileRepository\u0380680.inf_amd64_af18cc8f47b8a04e\B374868

VM Arguments:
jvm_args: -agentlib:jdwp=transport=dt_socket,server=n,suspend=y,address=127.0.0.1:4481 -Dfile.encoding=windows-1251 -Duser.country=RU -Duser.language=ru -Duser.variant --module-path=C:\Users\plato\IdeaProjects\COOPCourseProject\Controller\build\libs\Controller-1.0-SNAPSHOT.jar;C:\Users\plato\IdeaProjects\COOPCourseProject\Controller\build\classes\java\main;C:\Users\plato\.gradle\caches\modules-2\files-2.1\com.zaxxer\HikariCP\5.0.1\a74c7f0a37046846e88d54f7cb6ea6d565c65f9c\HikariCP-5.0.1.jar;C:\Users\plato\.gradle\caches\modules-2\files-2.1\org.slf4j\slf4j-nop\2.0.0\8e5a5213a3b45ca13d702ca6a8b634aa07adbbd8\slf4j-nop-2.0.0.jar;C:\Users\plato\.gradle\caches\modules-2\files-2.1\org.postgresql\postgresql\42.6.0\7614cfce466145b84972781ab0079b8dea49e363\postgresql-42.6.0.jar;C:\Users\plato\.gradle\caches\modules-2\files-2.1\org.openjfx\javafx-fxml\17.0.2\5079f88d5345e988222c90a345ad682b7aaccad3\javafx-fxml-17.0.2-win.jar;C:\Users\plato\.gradle\caches\modules-2\files-2.1\org.openjfx\javafx-controls\17.0.2\707f290bacde2738c0a7e1d0b4a8193002c29cf7\javafx-controls-17.0.2-win.jar;C:\Users\plato\.gradle\caches\modules-2\files-2.1\org.openjfx\javafx-controls\17.0.2\f52640ea07a0d7fe2ac8b9f945ec58fa22ac1afd\javafx-controls-17.0.2.jar;C:\Users\plato\.gradle\caches\modules-2\files-2.1\org.openjfx\javafx-graphics\17.0.2\6f95886c8fed3e1b21370a199c3937846ef6b3cc\javafx-graphics-17.0.2-win.jar;C:\Users\plato\.gradle\caches\modules-2\files-2.1\org.openjfx\javafx-graphics\17.0.2\1eb7ce07e07ccc2fcb26103f07535e72069519d6\javafx-graphics-17.0.2.jar;C:\Users\plato\.gradle\caches\modules-2\files-2.1\org.openjfx\javafx-base\17.0.2\1bd6dc88b180a6239a5067320c2f0d7f3526e1d2\javafx-base-17.0.2-win.jar;C:\Users\plato\.gradle\caches\modules-2\files-2.1\org.openjfx\javafx-base\17.0.2\ca46f15a306175ac1513211e1d190a5baacd77cc\javafx-base-17.0.2.jar;C:\Users\plato\.gradle\caches\modules-2\files-2.1\org.slf4j\slf4j-api\2.0.0\82b150a36b504a09076b29c0509e31702c9c3999\slf4j-api-2.0.0.jar;C:\Users\plato\.gradle\caches\modules-2\files-2.1\org.checkerframework\checker-qual\3.31.0\eeefd4af42e2f4221d145c1791582f91868f99ab\checker-qual-3.31.0.jar -Djdk.module.main=Controller.main 
java_command: Controller.main/org.example.Main
java_class_path (initial): C:\Users\plato\IdeaProjects\COOPCourseProject\Controller\build\resources\main
Launcher Type: SUN_STANDARD

[Global flags]
     intx CICompilerCount                          = 4                                         {product} {ergonomic}
     uint ConcGCThreads                            = 3                                         {product} {ergonomic}
     uint G1ConcRefinementThreads                  = 10                                        {product} {ergonomic}
   size_t G1HeapRegionSize                         = 2097152                                   {product} {ergonomic}
    uintx GCDrainStackTargetSize                   = 64                                        {product} {ergonomic}
   size_t InitialHeapSize                          = 165675008                                 {product} {ergonomic}
   size_t MarkStackSize                            = 4194304                                   {product} {ergonomic}
   size_t MaxHeapSize                              = 2638217216                                {product} {ergonomic}
   size_t MaxNewSize                               = 1581252608                                {product} {ergonomic}
   size_t MinHeapDeltaBytes                        = 2097152                                   {product} {ergonomic}
   size_t MinHeapSize                              = 8388608                                   {product} {ergonomic}
    uintx NonNMethodCodeHeapSize                   = 5839372                                {pd product} {ergonomic}
    uintx NonProfiledCodeHeapSize                  = 122909434                              {pd product} {ergonomic}
    uintx ProfiledCodeHeapSize                     = 122909434                              {pd product} {ergonomic}
    uintx ReservedCodeCacheSize                    = 251658240                              {pd product} {ergonomic}
     bool SegmentedCodeCache                       = true                                      {product} {ergonomic}
   size_t SoftMaxHeapSize                          = 2638217216                             {manageable} {ergonomic}
     bool UseCompressedClassPointers               = true                           {product lp64_product} {ergonomic}
     bool UseCompressedOops                        = true                           {product lp64_product} {ergonomic}
     bool UseG1GC                                  = true                                      {product} {ergonomic}
     bool UseLargePagesIndividualAllocation        = false                                  {pd product} {ergonomic}

Logging:
Log output configuration:
 #0: stdout all=warning uptime,level,tags
 #1: stderr all=off uptime,level,tags

Environment Variables:
PATH=C:\Python311\Scripts\;C:\Python311\;c:\users\plato\gcc\bin;c:\users\plato\gcc\libexec\gcc\x86_64-w64-mingw32\12.1.0;C:\Program Files\Common Files\Oracle\Java\javapath;C:\Program Files (x86)\Common Files\Oracle\Java\javapath;C:\Windows\system32;C:\Windows;C:\Windows\System32\Wbem;C:\Windows\System32\WindowsPowerShell\v1.0\;C:\Windows\System32\OpenSSH\;C:\Program Files\Microsoft SQL Server\Client SDK\ODBC\170\Tools\Binn\;C:\Program Files\Git\cmd;C:\Program Files (x86)\Microsoft SQL Server\160\Tools\Binn\;C:\Program Files\Microsoft SQL Server\160\Tools\Binn\;C:\Program Files\Microsoft SQL Server\160\DTS\Binn\;C:\Program Files (x86)\Microsoft SQL Server\160\DTS\Binn\;C:\Program Files\nodejs\;C:\ProgramData\chocolatey\bin;;C:\Program Files\Docker\Docker\resources\bin;C:\Program Files\Microsoft SQL Server\150\Tools\Binn\;C:\Program Files\dotnet\;C:\Program Files\Go\bin;C:\Users\plato\scoop\shims;C:\Program Files\MySQL\MySQL Shell 8.0\bin\;C:\Users\plato\AppData\Local\Microsoft\WindowsApps;C:\Users\plato\AppData\Local\GitHubDesktop\bin;C:\Users\plato\AppData\Roaming\npm;C:\Users\plato\AppData\Local\Programs\Microsoft VS Code\bin;C:\Users\plato\.dotnet\tools;C:\Users\plato\go\bin;C:\Program Files\JetBrains\PyCharm 2023.1.4\bin;;C:\Program Files (x86)\Nmap
USERNAME=plato
OS=Windows_NT
PROCESSOR_IDENTIFIER=AMD64 Family 23 Model 104 Stepping 1, AuthenticAMD



---------------  S Y S T E M  ---------------

OS:
 Windows 11 , 64 bit Build 22000 (10.0.22000.2124)
OS uptime: 3 days 12:48 hours
Hyper-V role detected

CPU: total 12 (initial active 12) (12 cores per cpu, 2 threads per core) family 23 model 104 stepping 1 microcode 0x0, cx8, cmov, fxsr, ht, mmx, 3dnowpref, sse, sse2, sse3, ssse3, sse4a, sse4.1, sse4.2, popcnt, lzcnt, tsc, tscinvbit, avx, avx2, aes, clmul, bmi1, bmi2, adx, sha, fma, vzeroupper, clflush, clflushopt, hv

Memory: 4k page, system-wide physical 10062M (292M free)
TotalPageFile size 20302M (AvailPageFile size 5M)
current process WorkingSet (physical memory assigned to process): 84M, peak: 84M
current process commit charge ("private bytes"): 265M, peak: 265M

vm_info: Java HotSpot(TM) 64-Bit Server VM (17.0.7+8-LTS-224) for windows-amd64 JRE (17.0.7+8-LTS-224), built on Feb 28 2023 23:03:02 by "mach5one" with MS VC++ 17.1 (VS2022)

END.
