#
# There is insufficient memory for the Java Runtime Environment to continue.
# Native memory allocation (malloc) failed to allocate 987200 bytes for Chunk::new
# Possible reasons:
#   The system is out of physical RAM or swap space
#   The process is running with CompressedOops enabled, and the Java Heap may be blocking the growth of the native heap
# Possible solutions:
#   Reduce memory load on the system
#   Increase physical memory or swap space
#   Check if swap backing store is full
#   Decrease Java heap size (-Xmx/-Xms)
#   Decrease number of Java threads
#   Decrease Java thread stack sizes (-Xss)
#   Set larger code cache with -XX:ReservedCodeCacheSize=
#   JVM is running with Unscaled Compressed Oops mode in which the Java heap is
#     placed in the first 4GB address space. The Java Heap base address is the
#     maximum limit for the native heap growth. Please use -XX:HeapBaseMinAddress
#     to set the Java Heap base and to place the Java Heap above 4GB virtual address.
# This output file may be truncated or incomplete.
#
#  Out of Memory Error (arena.cpp:189), pid=2872, tid=39876
#
# JRE version: Java(TM) SE Runtime Environment (17.0.7+8) (build 17.0.7+8-LTS-224)
# Java VM: Java HotSpot(TM) 64-Bit Server VM (17.0.7+8-LTS-224, mixed mode, sharing, tiered, compressed oops, compressed class ptrs, g1 gc, windows-amd64)
# No core dump will be written. Minidumps are not enabled by default on client versions of Windows
#

---------------  S U M M A R Y ------------

Command Line: -XX:MaxMetaspaceSize=256m -XX:+HeapDumpOnOutOfMemoryError -agentlib:jdwp=transport=dt_socket,server=n,suspend=y,address=127.0.0.1:4462 --add-opens=java.base/java.util=ALL-UNNAMED --add-opens=java.base/java.lang=ALL-UNNAMED --add-opens=java.base/java.lang.invoke=ALL-UNNAMED --add-opens=java.base/java.util=ALL-UNNAMED --add-opens=java.prefs/java.util.prefs=ALL-UNNAMED --add-opens=java.prefs/java.util.prefs=ALL-UNNAMED --add-opens=java.base/java.nio.charset=ALL-UNNAMED --add-opens=java.base/java.net=ALL-UNNAMED --add-opens=java.base/java.util.concurrent.atomic=ALL-UNNAMED -Xms256m -Xmx512m -Dfile.encoding=windows-1251 -Duser.country=RU -Duser.language=ru -Duser.variant org.gradle.launcher.daemon.bootstrap.GradleDaemon 7.4

Host: AMD Ryzen 5 5500U with Radeon Graphics         , 12 cores, 9G,  Windows 11 , 64 bit Build 22000 (10.0.22000.2124)
Time: Wed Jul 19 23:17:03 2023 RTZ 2 (s 11 , 64 bit Build 22000 (10.0.22000.2124) elapsed time: 9.665241 seconds (0d 0h 0m 9s)

---------------  T H R E A D  ---------------

Current thread (0x0000027546fc29e0):  JavaThread "C2 CompilerThread0" daemon [_thread_in_native, id=39876, stack(0x00000084f2700000,0x00000084f2800000)]


Current CompileTask:
C2:   9665 6938       4       org.gradle.internal.logging.text.AbstractLineChoppingStyledTextOutput::doAppend (43 bytes)

Stack: [0x00000084f2700000,0x00000084f2800000]
Native frames: (J=compiled Java code, j=interpreted, Vv=VM code, C=native code)
V  [jvm.dll+0x676a4a]
V  [jvm.dll+0x7d74f4]
V  [jvm.dll+0x7d8c9e]
V  [jvm.dll+0x7d9303]
V  [jvm.dll+0x2452c5]
V  [jvm.dll+0xaaa2b]
V  [jvm.dll+0xaafcc]
V  [jvm.dll+0x36141e]
V  [jvm.dll+0x32bba1]
V  [jvm.dll+0x32b03a]
V  [jvm.dll+0x217acf]
V  [jvm.dll+0x216f01]
V  [jvm.dll+0x1a35e0]
V  [jvm.dll+0x226a6e]
V  [jvm.dll+0x224e15]
V  [jvm.dll+0x78d05c]
V  [jvm.dll+0x78759a]
V  [jvm.dll+0x675875]
C  [ucrtbase.dll+0x26c0c]
C  [KERNEL32.DLL+0x155a0]
C  [ntdll.dll+0x485b]


---------------  P R O C E S S  ---------------

Threads class SMR info:
_java_thread_list=0x0000027549915230, length=103, elements={
0x000002752a344bf0, 0x0000027546fa2800, 0x0000027546fa33b0, 0x0000027546fbde30,
0x0000027546fc08f0, 0x0000027546fc12a0, 0x0000027546fc1c50, 0x0000027546fc29e0,
0x0000027546fc74a0, 0x0000027546fc7e90, 0x0000027547cfeae0, 0x0000027547d06760,
0x0000027547d242a0, 0x0000027547d26900, 0x0000027547d34650, 0x0000027549235a80,
0x0000027549640b50, 0x0000027549e6e800, 0x0000027548b00ff0, 0x0000027548e21120,
0x0000027548dbb9b0, 0x0000027548dbab40, 0x0000027548dbbe80, 0x0000027548dbb010,
0x0000027548dbb4e0, 0x0000027548dba670, 0x0000027548dbc820, 0x0000027548db9330,
0x0000027548db9800, 0x0000027548db9cd0, 0x000002754c8d3520, 0x000002754c8d0500,
0x000002754c8d5ba0, 0x000002754c8d2b80, 0x000002754c8d6ee0, 0x000002754c8d1840,
0x000002754c8d6070, 0x000002754c8d6540, 0x000002754c8d4390, 0x000002754c8d5200,
0x000002754c8d6a10, 0x000002754c8d4860, 0x000002754c8d0ea0, 0x000002754c8d21e0,
0x000002754c8d1370, 0x000002754c8d73b0, 0x000002754c8d26b0, 0x000002754c8d7880,
0x000002754b358720, 0x000002754b359590, 0x000002754b3590c0, 0x000002754b359a60,
0x000002754b359f30, 0x0000027548bc6170, 0x0000027548bc6fe0, 0x0000027548bc9660,
0x0000027547c38720, 0x0000027547c39590, 0x000002754c8d3050, 0x000002754c8d0030,
0x000002754d7c5dc0, 0x000002754d7c6290, 0x000002754d7c6760, 0x000002754d7c6c30,
0x000002754d7c7100, 0x000002754d7c75d0, 0x000002754d7c7aa0, 0x000002754d7c5420,
0x000002754d7c8440, 0x000002754ea1b2a0, 0x000002754ea5cf60, 0x000002754ea5d430,
0x000002754ea5d900, 0x000002754ea5e770, 0x000002754ea5e2a0, 0x000002754d7c8910,
0x000002754d7c7f70, 0x000002754d7c8de0, 0x000002754d7c58f0, 0x000002754afada30,
0x000002754afad560, 0x000002754897fc30, 0x0000027548980aa0, 0x0000027548980100,
0x00000275489805d0, 0x0000027548980f70, 0x0000027548981440, 0x000002754e1e4e90,
0x000002754e1e5d00, 0x000002754e1e5360, 0x000002754e1e66a0, 0x000002754e1e3b50,
0x000002754e1e6b70, 0x000002754ea1add0, 0x000002754ea1b770, 0x000002754ea1c110,
0x000002754ea1bc40, 0x0000027547c390c0, 0x0000027547c39a60, 0x0000027547c38bf0,
0x000002754a4cdb40, 0x000002754a4ce010, 0x000002754a4cc800
}

Java Threads: ( => current thread )
  0x000002752a344bf0 JavaThread "main" [_thread_blocked, id=36792, stack(0x00000084f1a00000,0x00000084f1b00000)]
  0x0000027546fa2800 JavaThread "Reference Handler" daemon [_thread_blocked, id=45292, stack(0x00000084f2100000,0x00000084f2200000)]
  0x0000027546fa33b0 JavaThread "Finalizer" daemon [_thread_blocked, id=38744, stack(0x00000084f2200000,0x00000084f2300000)]
  0x0000027546fbde30 JavaThread "Signal Dispatcher" daemon [_thread_blocked, id=46248, stack(0x00000084f2300000,0x00000084f2400000)]
  0x0000027546fc08f0 JavaThread "Attach Listener" daemon [_thread_blocked, id=11784, stack(0x00000084f2400000,0x00000084f2500000)]
  0x0000027546fc12a0 JavaThread "Service Thread" daemon [_thread_blocked, id=34924, stack(0x00000084f2500000,0x00000084f2600000)]
  0x0000027546fc1c50 JavaThread "Monitor Deflation Thread" daemon [_thread_blocked, id=39296, stack(0x00000084f2600000,0x00000084f2700000)]
=>0x0000027546fc29e0 JavaThread "C2 CompilerThread0" daemon [_thread_in_native, id=39876, stack(0x00000084f2700000,0x00000084f2800000)]
  0x0000027546fc74a0 JavaThread "C1 CompilerThread0" daemon [_thread_blocked, id=30340, stack(0x00000084f2800000,0x00000084f2900000)]
  0x0000027546fc7e90 JavaThread "Sweeper thread" daemon [_thread_blocked, id=46976, stack(0x00000084f2900000,0x00000084f2a00000)]
  0x0000027547cfeae0 JavaThread "Common-Cleaner" daemon [_thread_blocked, id=11816, stack(0x00000084f2a00000,0x00000084f2b00000)]
  0x0000027547d06760 JavaThread "JDWP Transport Listener: dt_socket" daemon [_thread_blocked, id=44360, stack(0x00000084f2b00000,0x00000084f2c00000)]
  0x0000027547d242a0 JavaThread "JDWP Event Helper Thread" daemon [_thread_blocked, id=38924, stack(0x00000084f2c00000,0x00000084f2d00000)]
  0x0000027547d26900 JavaThread "JDWP Command Reader" daemon [_thread_in_native, id=36516, stack(0x00000084f2d00000,0x00000084f2e00000)]
  0x0000027547d34650 JavaThread "Notification Thread" daemon [_thread_blocked, id=30200, stack(0x00000084f2e00000,0x00000084f2f00000)]
  0x0000027549235a80 JavaThread "Daemon health stats" [_thread_blocked, id=45396, stack(0x00000084f3a00000,0x00000084f3b00000)]
  0x0000027549640b50 JavaThread "Incoming local TCP Connector on port 4475" [_thread_in_native, id=44280, stack(0x00000084f3b00000,0x00000084f3c00000)]
  0x0000027549e6e800 JavaThread "Daemon periodic checks" [_thread_blocked, id=44492, stack(0x00000084f3c00000,0x00000084f3d00000)]
  0x0000027548b00ff0 JavaThread "Daemon" [_thread_blocked, id=46364, stack(0x00000084f3d00000,0x00000084f3e00000)]
  0x0000027548e21120 JavaThread "Handler for socket connection from /127.0.0.1:4475 to /127.0.0.1:4476" [_thread_in_native, id=46292, stack(0x00000084f3e00000,0x00000084f3f00000)]
  0x0000027548dbb9b0 JavaThread "Cancel handler" [_thread_blocked, id=41544, stack(0x00000084f3f00000,0x00000084f4000000)]
  0x0000027548dbab40 JavaThread "Daemon worker" [_thread_blocked, id=42336, stack(0x00000084f4000000,0x00000084f4100000)]
  0x0000027548dbbe80 JavaThread "Asynchronous log dispatcher for DefaultDaemonConnection: socket connection from /127.0.0.1:4475 to /127.0.0.1:4476" [_thread_blocked, id=39700, stack(0x00000084f4100000,0x00000084f4200000)]
  0x0000027548dbb010 JavaThread "Stdin handler" [_thread_blocked, id=46168, stack(0x00000084f4200000,0x00000084f4300000)]
  0x0000027548dbb4e0 JavaThread "Daemon client event forwarder" [_thread_blocked, id=40416, stack(0x00000084f4300000,0x00000084f4400000)]
  0x0000027548dba670 JavaThread "Cache worker for journal cache (C:\Users\plato\.gradle\caches\journal-1)" [_thread_blocked, id=45608, stack(0x00000084f4400000,0x00000084f4500000)]
  0x0000027548dbc820 JavaThread "File lock request listener" [_thread_in_native, id=32772, stack(0x00000084f4500000,0x00000084f4600000)]
  0x0000027548db9330 JavaThread "Cache worker for file hash cache (C:\Users\plato\.gradle\caches\7.4\fileHashes)" [_thread_blocked, id=37828, stack(0x00000084f4600000,0x00000084f4700000)]
  0x0000027548db9800 JavaThread "File watcher server" daemon [_thread_in_native, id=12000, stack(0x00000084f4700000,0x00000084f4800000)]
  0x0000027548db9cd0 JavaThread "File watcher consumer" daemon [_thread_blocked, id=29760, stack(0x00000084f4800000,0x00000084f4900000)]
  0x000002754c8d3520 JavaThread "Cache worker for checksums cache (C:\Users\plato\IdeaProjects\COOPCourseProject\Controller\.gradle\7.4\checksums)" [_thread_blocked, id=46036, stack(0x00000084f4900000,0x00000084f4a00000)]
  0x000002754c8d0500 JavaThread "Cache worker for cache directory md-rule (C:\Users\plato\.gradle\caches\7.4\md-rule)" [_thread_blocked, id=37692, stack(0x00000084f4a00000,0x00000084f4b00000)]
  0x000002754c8d5ba0 JavaThread "Cache worker for file hash cache (C:\Users\plato\IdeaProjects\COOPCourseProject\Controller\.gradle\7.4\fileHashes)" [_thread_blocked, id=35716, stack(0x00000084f4b00000,0x00000084f4c00000)]
  0x000002754c8d2b80 JavaThread "Cache worker for cache directory md-supplier (C:\Users\plato\.gradle\caches\7.4\md-supplier)" [_thread_blocked, id=19552, stack(0x00000084f4c00000,0x00000084f4d00000)]
  0x000002754c8d6ee0 JavaThread "Cache worker for execution history cache (C:\Users\plato\.gradle\caches\7.4\executionHistory)" [_thread_blocked, id=42084, stack(0x00000084f4f00000,0x00000084f5000000)]
  0x000002754c8d1840 JavaThread "jar transforms" [_thread_blocked, id=11148, stack(0x00000084f5000000,0x00000084f5100000)]
  0x000002754c8d6070 JavaThread "jar transforms Thread 2" [_thread_blocked, id=39776, stack(0x00000084f5100000,0x00000084f5200000)]
  0x000002754c8d6540 JavaThread "Cache worker for file content cache (C:\Users\plato\.gradle\caches\7.4\fileContent)" [_thread_blocked, id=4896, stack(0x00000084f5200000,0x00000084f5300000)]
  0x000002754c8d4390 JavaThread "jar transforms Thread 3" [_thread_blocked, id=44568, stack(0x00000084f5300000,0x00000084f5400000)]
  0x000002754c8d5200 JavaThread "jar transforms Thread 4" [_thread_blocked, id=32828, stack(0x00000084f5400000,0x00000084f5500000)]
  0x000002754c8d6a10 JavaThread "jar transforms Thread 5" [_thread_blocked, id=35444, stack(0x00000084f5500000,0x00000084f5600000)]
  0x000002754c8d4860 JavaThread "jar transforms Thread 6" [_thread_blocked, id=44792, stack(0x00000084f5600000,0x00000084f5700000)]
  0x000002754c8d0ea0 JavaThread "jar transforms Thread 7" [_thread_blocked, id=40096, stack(0x00000084f5700000,0x00000084f5800000)]
  0x000002754c8d21e0 JavaThread "jar transforms Thread 8" [_thread_blocked, id=46592, stack(0x00000084f5800000,0x00000084f5900000)]
  0x000002754c8d1370 JavaThread "jar transforms Thread 9" [_thread_blocked, id=44788, stack(0x00000084f5900000,0x00000084f5a00000)]
  0x000002754c8d73b0 JavaThread "jar transforms Thread 10" [_thread_blocked, id=6800, stack(0x00000084f5a00000,0x00000084f5b00000)]
  0x000002754c8d26b0 JavaThread "jar transforms Thread 11" [_thread_blocked, id=9500, stack(0x00000084f5b00000,0x00000084f5c00000)]
  0x000002754c8d7880 JavaThread "Cache worker for dependencies-accessors (C:\Users\plato\IdeaProjects\COOPCourseProject\Controller\.gradle\7.4\dependencies-accessors)" [_thread_blocked, id=17140, stack(0x00000084f5c00000,0x00000084f5d00000)]
  0x000002754b358720 JavaThread "jar transforms Thread 12" [_thread_blocked, id=46084, stack(0x00000084f5d00000,0x00000084f5e00000)]
  0x000002754b359590 JavaThread "Cache worker for Build Output Cleanup Cache (C:\Users\plato\IdeaProjects\COOPCourseProject\Controller\.gradle\buildOutputCleanup)" [_thread_blocked, id=39104, stack(0x00000084f5e00000,0x00000084f5f00000)]
  0x000002754b3590c0 JavaThread "Unconstrained build operations" [_thread_blocked, id=32936, stack(0x00000084f5f00000,0x00000084f6000000)]
  0x000002754b359a60 JavaThread "Unconstrained build operations Thread 2" [_thread_blocked, id=18524, stack(0x00000084f6000000,0x00000084f6100000)]
  0x000002754b359f30 JavaThread "Unconstrained build operations Thread 3" [_thread_blocked, id=3560, stack(0x00000084f6100000,0x00000084f6200000)]
  0x0000027548bc6170 JavaThread "Unconstrained build operations Thread 4" [_thread_blocked, id=42844, stack(0x00000084f6200000,0x00000084f6300000)]
  0x0000027548bc6fe0 JavaThread "Unconstrained build operations Thread 5" [_thread_blocked, id=32324, stack(0x00000084f6300000,0x00000084f6400000)]
  0x0000027548bc9660 JavaThread "Unconstrained build operations Thread 6" [_thread_blocked, id=46776, stack(0x00000084f6400000,0x00000084f6500000)]
  0x0000027547c38720 JavaThread "Memory manager" [_thread_blocked, id=45328, stack(0x00000084f6500000,0x00000084f6600000)]
  0x0000027547c39590 JavaThread "included builds" [_thread_blocked, id=36340, stack(0x00000084f6600000,0x00000084f6700000)]
  0x000002754c8d3050 JavaThread "Execution worker for ':'" [_thread_blocked, id=29712, stack(0x00000084f6700000,0x00000084f6800000)]
  0x000002754c8d0030 JavaThread "Execution worker for ':' Thread 2" [_thread_blocked, id=35108, stack(0x00000084f6800000,0x00000084f6900000)]
  0x000002754d7c5dc0 JavaThread "Execution worker for ':' Thread 3" [_thread_blocked, id=41536, stack(0x00000084f6900000,0x00000084f6a00000)]
  0x000002754d7c6290 JavaThread "Execution worker for ':' Thread 4" [_thread_blocked, id=29056, stack(0x00000084f6a00000,0x00000084f6b00000)]
  0x000002754d7c6760 JavaThread "Execution worker for ':' Thread 5" [_thread_blocked, id=11788, stack(0x00000084f6b00000,0x00000084f6c00000)]
  0x000002754d7c6c30 JavaThread "Execution worker for ':' Thread 6" [_thread_blocked, id=39316, stack(0x00000084f6c00000,0x00000084f6d00000)]
  0x000002754d7c7100 JavaThread "Execution worker for ':' Thread 7" [_thread_blocked, id=46252, stack(0x00000084f6d00000,0x00000084f6e00000)]
  0x000002754d7c75d0 JavaThread "Execution worker for ':' Thread 8" [_thread_blocked, id=45684, stack(0x00000084f6e00000,0x00000084f6f00000)]
  0x000002754d7c7aa0 JavaThread "Execution worker for ':' Thread 9" [_thread_blocked, id=42424, stack(0x00000084f6f00000,0x00000084f7000000)]
  0x000002754d7c5420 JavaThread "Execution worker for ':' Thread 10" [_thread_blocked, id=24908, stack(0x00000084f7000000,0x00000084f7100000)]
  0x000002754d7c8440 JavaThread "Execution worker for ':' Thread 11" [_thread_blocked, id=45716, stack(0x00000084f7100000,0x00000084f7200000)]
  0x000002754ea1b2a0 JavaThread "Cache worker for execution history cache (C:\Users\plato\IdeaProjects\COOPCourseProject\Controller\.gradle\7.4\executionHistory)" [_thread_blocked, id=45028, stack(0x00000084f7200000,0x00000084f7300000)]
  0x000002754ea5cf60 JavaThread "Unconstrained build operations Thread 7" [_thread_blocked, id=42444, stack(0x00000084f7600000,0x00000084f7700000)]
  0x000002754ea5d430 JavaThread "Unconstrained build operations Thread 8" [_thread_blocked, id=40868, stack(0x00000084f7700000,0x00000084f7800000)]
  0x000002754ea5d900 JavaThread "Unconstrained build operations Thread 9" [_thread_blocked, id=42804, stack(0x00000084f7800000,0x00000084f7900000)]
  0x000002754ea5e770 JavaThread "Unconstrained build operations Thread 10" [_thread_blocked, id=21760, stack(0x00000084f7900000,0x00000084f7a00000)]
  0x000002754ea5e2a0 JavaThread "Unconstrained build operations Thread 11" [_thread_blocked, id=19708, stack(0x00000084f7a00000,0x00000084f7b00000)]
  0x000002754d7c8910 JavaThread "Unconstrained build operations Thread 12" [_thread_blocked, id=44728, stack(0x00000084f7b00000,0x00000084f7c00000)]
  0x000002754d7c7f70 JavaThread "Unconstrained build operations Thread 13" [_thread_blocked, id=46400, stack(0x00000084f7c00000,0x00000084f7d00000)]
  0x000002754d7c8de0 JavaThread "Unconstrained build operations Thread 14" [_thread_blocked, id=41136, stack(0x00000084f7d00000,0x00000084f7e00000)]
  0x000002754d7c58f0 JavaThread "Unconstrained build operations Thread 15" [_thread_blocked, id=28676, stack(0x00000084f7e00000,0x00000084f7f00000)]
  0x000002754afada30 JavaThread "Unconstrained build operations Thread 16" [_thread_blocked, id=45280, stack(0x00000084f7f00000,0x00000084f8000000)]
  0x000002754afad560 JavaThread "Unconstrained build operations Thread 17" [_thread_blocked, id=26388, stack(0x00000084f8000000,0x00000084f8100000)]
  0x000002754897fc30 JavaThread "Cache worker for Java compile cache (C:\Users\plato\.gradle\caches\7.4\javaCompile)" [_thread_blocked, id=21676, stack(0x00000084f8100000,0x00000084f8200000)]
  0x0000027548980aa0 JavaThread "Build operations" [_thread_blocked, id=29328, stack(0x00000084f8200000,0x00000084f8300000)]
  0x0000027548980100 JavaThread "Build operations Thread 2" [_thread_blocked, id=32924, stack(0x00000084f8300000,0x00000084f8400000)]
  0x00000275489805d0 JavaThread "Build operations Thread 3" [_thread_blocked, id=32628, stack(0x00000084f8400000,0x00000084f8500000)]
  0x0000027548980f70 JavaThread "Build operations Thread 4" [_thread_blocked, id=42972, stack(0x00000084f8500000,0x00000084f8600000)]
  0x0000027548981440 JavaThread "Build operations Thread 5" [_thread_blocked, id=36656, stack(0x00000084f8600000,0x00000084f8700000)]
  0x000002754e1e4e90 JavaThread "Build operations Thread 6" [_thread_blocked, id=45412, stack(0x00000084f8700000,0x00000084f8800000)]
  0x000002754e1e5d00 JavaThread "Build operations Thread 7" [_thread_blocked, id=31728, stack(0x00000084f8800000,0x00000084f8900000)]
  0x000002754e1e5360 JavaThread "Build operations Thread 8" [_thread_blocked, id=34120, stack(0x00000084f8900000,0x00000084f8a00000)]
  0x000002754e1e66a0 JavaThread "Build operations Thread 9" [_thread_blocked, id=38764, stack(0x00000084f8a00000,0x00000084f8b00000)]
  0x000002754e1e3b50 JavaThread "Build operations Thread 10" [_thread_blocked, id=40236, stack(0x00000084f8b00000,0x00000084f8c00000)]
  0x000002754e1e6b70 JavaThread "Build operations Thread 11" [_thread_blocked, id=12216, stack(0x00000084f8c00000,0x00000084f8d00000)]
  0x000002754ea1add0 JavaThread "Unconstrained build operations Thread 18" [_thread_blocked, id=32392, stack(0x00000084f8d00000,0x00000084f8e00000)]
  0x000002754ea1b770 JavaThread "Unconstrained build operations Thread 19" [_thread_blocked, id=46184, stack(0x00000084f8e00000,0x00000084f8f00000)]
  0x000002754ea1c110 JavaThread "Unconstrained build operations Thread 20" [_thread_blocked, id=44956, stack(0x00000084f8f00000,0x00000084f9000000)]
  0x000002754ea1bc40 JavaThread "Unconstrained build operations Thread 21" [_thread_blocked, id=19280, stack(0x00000084f9000000,0x00000084f9100000)]
  0x0000027547c390c0 JavaThread "Unconstrained build operations Thread 22" [_thread_blocked, id=11856, stack(0x00000084f9100000,0x00000084f9200000)]
  0x0000027547c39a60 JavaThread "Exec process" [_thread_in_native, id=34476, stack(0x00000084f9200000,0x00000084f9300000)]
  0x0000027547c38bf0 JavaThread "DisconnectableInputStream source reader" daemon [_thread_blocked, id=4624, stack(0x00000084f9300000,0x00000084f9400000)]
  0x000002754a4cdb40 JavaThread "Exec process Thread 2" [_thread_blocked, id=25644, stack(0x00000084f9400000,0x00000084f9500000)]
  0x000002754a4ce010 JavaThread "Exec process Thread 3" [_thread_in_native, id=41664, stack(0x00000084f9500000,0x00000084f9600000)]
  0x000002754a4cc800 JavaThread "Exec process Thread 4" [_thread_in_native, id=41960, stack(0x00000084f9600000,0x00000084f9700000)]

Other Threads:
  0x0000027546f9de50 VMThread "VM Thread" [stack: 0x00000084f2000000,0x00000084f2100000] [id=42256]
  0x000002752a380730 WatcherThread [stack: 0x00000084f2f00000,0x00000084f3000000] [id=43836]
  0x000002752a371760 GCTaskThread "GC Thread#0" [stack: 0x00000084f1b00000,0x00000084f1c00000] [id=34032]
  0x000002754887d210 GCTaskThread "GC Thread#1" [stack: 0x00000084f3100000,0x00000084f3200000] [id=36052]
  0x0000027548b9ad70 GCTaskThread "GC Thread#2" [stack: 0x00000084f3200000,0x00000084f3300000] [id=37124]
  0x00000275488955e0 GCTaskThread "GC Thread#3" [stack: 0x00000084f3300000,0x00000084f3400000] [id=17968]
  0x00000275488ddd20 GCTaskThread "GC Thread#4" [stack: 0x00000084f3400000,0x00000084f3500000] [id=33192]
  0x0000027548c3f8c0 GCTaskThread "GC Thread#5" [stack: 0x00000084f3500000,0x00000084f3600000] [id=47044]
  0x00000275489258f0 GCTaskThread "GC Thread#6" [stack: 0x00000084f3600000,0x00000084f3700000] [id=36664]
  0x00000275489e0970 GCTaskThread "GC Thread#7" [stack: 0x00000084f3700000,0x00000084f3800000] [id=35896]
  0x00000275489e0c20 GCTaskThread "GC Thread#8" [stack: 0x00000084f3800000,0x00000084f3900000] [id=37080]
  0x00000275490dab20 GCTaskThread "GC Thread#9" [stack: 0x00000084f3900000,0x00000084f3a00000] [id=9648]
  0x000002752a3776b0 ConcurrentGCThread "G1 Main Marker" [stack: 0x00000084f1c00000,0x00000084f1d00000] [id=38404]
  0x000002752a379230 ConcurrentGCThread "G1 Conc#0" [stack: 0x00000084f1d00000,0x00000084f1e00000] [id=2456]
  0x000002754b38a890 ConcurrentGCThread "G1 Conc#1" [stack: 0x00000084f4d00000,0x00000084f4e00000] [id=33732]
  0x000002754b389060 ConcurrentGCThread "G1 Conc#2" [stack: 0x00000084f4e00000,0x00000084f4f00000] [id=30936]
  0x000002752a41d360 ConcurrentGCThread "G1 Refine#0" [stack: 0x00000084f1e00000,0x00000084f1f00000] [id=35520]
  0x0000027549cdc470 ConcurrentGCThread "G1 Refine#1" [stack: 0x00000084f7300000,0x00000084f7400000] [id=38560]
  0x0000027549cdde50 ConcurrentGCThread "G1 Refine#2" [stack: 0x00000084f7400000,0x00000084f7500000] [id=34524]
  0x0000027549cdca30 ConcurrentGCThread "G1 Refine#3" [stack: 0x00000084f7500000,0x00000084f7600000] [id=46992]
  0x000002752a41ec30 ConcurrentGCThread "G1 Service" [stack: 0x00000084f1f00000,0x00000084f2000000] [id=6580]

Threads with active compile tasks:
C2 CompilerThread0     9677 6938       4       org.gradle.internal.logging.text.AbstractLineChoppingStyledTextOutput::doAppend (43 bytes)

VM state: not at safepoint (normal execution)

VM Mutex/Monitor currently owned by a thread: None

Heap address: 0x00000000e0000000, size: 512 MB, Compressed Oops mode: 32-bit

CDS archive(s) mapped at: [0x0000000800000000-0x0000000800bd0000-0x0000000800bd0000), size 12386304, SharedBaseAddress: 0x0000000800000000, ArchiveRelocationMode: 0.
Compressed class space mapped at: 0x0000000800c00000-0x000000080dc00000, reserved size: 218103808
Narrow klass base: 0x0000000800000000, Narrow klass shift: 0, Narrow klass range: 0x100000000

GC Precious Log:
 CPUs: 12 total, 12 available
 Memory: 10062M
 Large Page Support: Disabled
 NUMA Support: Disabled
 Compressed Oops: Enabled (32-bit)
 Heap Region Size: 1M
 Heap Min Capacity: 256M
 Heap Initial Capacity: 256M
 Heap Max Capacity: 512M
 Pre-touch: Disabled
 Parallel Workers: 10
 Concurrent Workers: 3
 Concurrent Refinement Workers: 10
 Periodic GC: Disabled

Heap:
 garbage-first heap   total 262144K, used 58367K [0x00000000e0000000, 0x0000000100000000)
  region size 1024K, 18 young (18432K), 7 survivors (7168K)
 Metaspace       used 61078K, committed 61696K, reserved 270336K
  class space    used 8642K, committed 8960K, reserved 212992K

Heap Regions: E=young(eden), S=young(survivor), O=old, HS=humongous(starts), HC=humongous(continues), CS=collection set, F=free, OA=open archive, CA=closed archive, TAMS=top-at-mark-start (previous, next)
|   0|0x00000000e0000000, 0x00000000e0100000, 0x00000000e0100000|100%| O|  |TAMS 0x00000000e0100000, 0x00000000e0000000| Untracked 
|   1|0x00000000e0100000, 0x00000000e0200000, 0x00000000e0200000|100%| O|  |TAMS 0x00000000e0200000, 0x00000000e0100000| Untracked 
|   2|0x00000000e0200000, 0x00000000e0300000, 0x00000000e0300000|100%| O|  |TAMS 0x00000000e0300000, 0x00000000e0200000| Untracked 
|   3|0x00000000e0300000, 0x00000000e0400000, 0x00000000e0400000|100%|HS|  |TAMS 0x00000000e0400000, 0x00000000e0300000| Complete 
|   4|0x00000000e0400000, 0x00000000e0500000, 0x00000000e0500000|100%|HC|  |TAMS 0x00000000e0500000, 0x00000000e0400000| Complete 
|   5|0x00000000e0500000, 0x00000000e0600000, 0x00000000e0600000|100%|HC|  |TAMS 0x00000000e0600000, 0x00000000e0500000| Complete 
|   6|0x00000000e0600000, 0x00000000e0700000, 0x00000000e0700000|100%| O|  |TAMS 0x00000000e0700000, 0x00000000e0600000| Untracked 
|   7|0x00000000e0700000, 0x00000000e0800000, 0x00000000e0800000|100%| O|  |TAMS 0x00000000e0800000, 0x00000000e0700000| Untracked 
|   8|0x00000000e0800000, 0x00000000e0900000, 0x00000000e0900000|100%| O|  |TAMS 0x00000000e0900000, 0x00000000e0800000| Untracked 
|   9|0x00000000e0900000, 0x00000000e0a00000, 0x00000000e0a00000|100%| O|  |TAMS 0x00000000e0a00000, 0x00000000e0900000| Untracked 
|  10|0x00000000e0a00000, 0x00000000e0b00000, 0x00000000e0b00000|100%| O|  |TAMS 0x00000000e0b00000, 0x00000000e0a00000| Untracked 
|  11|0x00000000e0b00000, 0x00000000e0c00000, 0x00000000e0c00000|100%| O|  |TAMS 0x00000000e0c00000, 0x00000000e0b00000| Untracked 
|  12|0x00000000e0c00000, 0x00000000e0d00000, 0x00000000e0d00000|100%| O|  |TAMS 0x00000000e0d00000, 0x00000000e0c00000| Untracked 
|  13|0x00000000e0d00000, 0x00000000e0e00000, 0x00000000e0e00000|100%| O|  |TAMS 0x00000000e0e00000, 0x00000000e0d00000| Untracked 
|  14|0x00000000e0e00000, 0x00000000e0f00000, 0x00000000e0f00000|100%| O|  |TAMS 0x00000000e0f00000, 0x00000000e0e00000| Untracked 
|  15|0x00000000e0f00000, 0x00000000e1000000, 0x00000000e1000000|100%| O|  |TAMS 0x00000000e1000000, 0x00000000e0f00000| Untracked 
|  16|0x00000000e1000000, 0x00000000e1000000, 0x00000000e1100000|  0%| F|  |TAMS 0x00000000e1000000, 0x00000000e1000000| Untracked 
|  17|0x00000000e1100000, 0x00000000e1200000, 0x00000000e1200000|100%| O|  |TAMS 0x00000000e1200000, 0x00000000e1100000| Untracked 
|  18|0x00000000e1200000, 0x00000000e1300000, 0x00000000e1300000|100%| O|  |TAMS 0x00000000e1300000, 0x00000000e1200000| Untracked 
|  19|0x00000000e1300000, 0x00000000e1400000, 0x00000000e1400000|100%| O|  |TAMS 0x00000000e1400000, 0x00000000e1300000| Untracked 
|  20|0x00000000e1400000, 0x00000000e1500000, 0x00000000e1500000|100%| O|  |TAMS 0x00000000e1500000, 0x00000000e1400000| Untracked 
|  21|0x00000000e1500000, 0x00000000e1600000, 0x00000000e1600000|100%| O|  |TAMS 0x00000000e1600000, 0x00000000e1500000| Untracked 
|  22|0x00000000e1600000, 0x00000000e1700000, 0x00000000e1700000|100%| O|  |TAMS 0x00000000e1700000, 0x00000000e1600000| Untracked 
|  23|0x00000000e1700000, 0x00000000e1800000, 0x00000000e1800000|100%| O|  |TAMS 0x00000000e1800000, 0x00000000e1700000| Untracked 
|  24|0x00000000e1800000, 0x00000000e1900000, 0x00000000e1900000|100%| O|  |TAMS 0x00000000e1900000, 0x00000000e1800000| Untracked 
|  25|0x00000000e1900000, 0x00000000e1a00000, 0x00000000e1a00000|100%| O|  |TAMS 0x00000000e1a00000, 0x00000000e1900000| Untracked 
|  26|0x00000000e1a00000, 0x00000000e1b00000, 0x00000000e1b00000|100%| O|  |TAMS 0x00000000e1b00000, 0x00000000e1a00000| Untracked 
|  27|0x00000000e1b00000, 0x00000000e1c00000, 0x00000000e1c00000|100%| O|  |TAMS 0x00000000e1c00000, 0x00000000e1b00000| Untracked 
|  28|0x00000000e1c00000, 0x00000000e1d00000, 0x00000000e1d00000|100%| O|  |TAMS 0x00000000e1d00000, 0x00000000e1c00000| Untracked 
|  29|0x00000000e1d00000, 0x00000000e1e00000, 0x00000000e1e00000|100%| O|  |TAMS 0x00000000e1e00000, 0x00000000e1d00000| Untracked 
|  30|0x00000000e1e00000, 0x00000000e1f00000, 0x00000000e1f00000|100%| O|  |TAMS 0x00000000e1f00000, 0x00000000e1e00000| Untracked 
|  31|0x00000000e1f00000, 0x00000000e2000000, 0x00000000e2000000|100%| O|  |TAMS 0x00000000e2000000, 0x00000000e1f00000| Untracked 
|  32|0x00000000e2000000, 0x00000000e2100000, 0x00000000e2100000|100%| O|  |TAMS 0x00000000e2100000, 0x00000000e2000000| Untracked 
|  33|0x00000000e2100000, 0x00000000e2200000, 0x00000000e2200000|100%| O|  |TAMS 0x00000000e2200000, 0x00000000e2100000| Untracked 
|  34|0x00000000e2200000, 0x00000000e2300000, 0x00000000e2300000|100%| O|  |TAMS 0x00000000e2300000, 0x00000000e2200000| Untracked 
|  35|0x00000000e2300000, 0x00000000e2400000, 0x00000000e2400000|100%| O|  |TAMS 0x00000000e2400000, 0x00000000e2300000| Untracked 
|  36|0x00000000e2400000, 0x00000000e2500000, 0x00000000e2500000|100%| O|  |TAMS 0x00000000e2500000, 0x00000000e2400000| Untracked 
|  37|0x00000000e2500000, 0x00000000e2600000, 0x00000000e2600000|100%| O|  |TAMS 0x00000000e2600000, 0x00000000e2500000| Untracked 
|  38|0x00000000e2600000, 0x00000000e2700000, 0x00000000e2700000|100%| O|  |TAMS 0x00000000e2700000, 0x00000000e2600000| Untracked 
|  39|0x00000000e2700000, 0x00000000e2800000, 0x00000000e2800000|100%| O|  |TAMS 0x00000000e2800000, 0x00000000e2700000| Untracked 
|  40|0x00000000e2800000, 0x00000000e2900000, 0x00000000e2900000|100%| O|  |TAMS 0x00000000e2900000, 0x00000000e2800000| Untracked 
|  41|0x00000000e2900000, 0x00000000e29e1e00, 0x00000000e2a00000| 88%| O|  |TAMS 0x00000000e29e1e00, 0x00000000e2900000| Untracked 
|  42|0x00000000e2a00000, 0x00000000e2a00000, 0x00000000e2b00000|  0%| F|  |TAMS 0x00000000e2a00000, 0x00000000e2a00000| Untracked 
|  43|0x00000000e2b00000, 0x00000000e2b00000, 0x00000000e2c00000|  0%| F|  |TAMS 0x00000000e2b00000, 0x00000000e2b00000| Untracked 
|  44|0x00000000e2c00000, 0x00000000e2c00000, 0x00000000e2d00000|  0%| F|  |TAMS 0x00000000e2c00000, 0x00000000e2c00000| Untracked 
|  45|0x00000000e2d00000, 0x00000000e2d00000, 0x00000000e2e00000|  0%| F|  |TAMS 0x00000000e2d00000, 0x00000000e2d00000| Untracked 
|  46|0x00000000e2e00000, 0x00000000e2e00000, 0x00000000e2f00000|  0%| F|  |TAMS 0x00000000e2e00000, 0x00000000e2e00000| Untracked 
|  47|0x00000000e2f00000, 0x00000000e2f00000, 0x00000000e3000000|  0%| F|  |TAMS 0x00000000e2f00000, 0x00000000e2f00000| Untracked 
|  48|0x00000000e3000000, 0x00000000e3000000, 0x00000000e3100000|  0%| F|  |TAMS 0x00000000e3000000, 0x00000000e3000000| Untracked 
|  49|0x00000000e3100000, 0x00000000e3100000, 0x00000000e3200000|  0%| F|  |TAMS 0x00000000e3100000, 0x00000000e3100000| Untracked 
|  50|0x00000000e3200000, 0x00000000e3200000, 0x00000000e3300000|  0%| F|  |TAMS 0x00000000e3200000, 0x00000000e3200000| Untracked 
|  51|0x00000000e3300000, 0x00000000e3300000, 0x00000000e3400000|  0%| F|  |TAMS 0x00000000e3300000, 0x00000000e3300000| Untracked 
|  52|0x00000000e3400000, 0x00000000e3400000, 0x00000000e3500000|  0%| F|  |TAMS 0x00000000e3400000, 0x00000000e3400000| Untracked 
|  53|0x00000000e3500000, 0x00000000e3500000, 0x00000000e3600000|  0%| F|  |TAMS 0x00000000e3500000, 0x00000000e3500000| Untracked 
|  54|0x00000000e3600000, 0x00000000e3600000, 0x00000000e3700000|  0%| F|  |TAMS 0x00000000e3600000, 0x00000000e3600000| Untracked 
|  55|0x00000000e3700000, 0x00000000e3700000, 0x00000000e3800000|  0%| F|  |TAMS 0x00000000e3700000, 0x00000000e3700000| Untracked 
|  56|0x00000000e3800000, 0x00000000e3800000, 0x00000000e3900000|  0%| F|  |TAMS 0x00000000e3800000, 0x00000000e3800000| Untracked 
|  57|0x00000000e3900000, 0x00000000e3900000, 0x00000000e3a00000|  0%| F|  |TAMS 0x00000000e3900000, 0x00000000e3900000| Untracked 
|  58|0x00000000e3a00000, 0x00000000e3a00000, 0x00000000e3b00000|  0%| F|  |TAMS 0x00000000e3a00000, 0x00000000e3a00000| Untracked 
|  59|0x00000000e3b00000, 0x00000000e3b00000, 0x00000000e3c00000|  0%| F|  |TAMS 0x00000000e3b00000, 0x00000000e3b00000| Untracked 
|  60|0x00000000e3c00000, 0x00000000e3c00000, 0x00000000e3d00000|  0%| F|  |TAMS 0x00000000e3c00000, 0x00000000e3c00000| Untracked 
|  61|0x00000000e3d00000, 0x00000000e3d00000, 0x00000000e3e00000|  0%| F|  |TAMS 0x00000000e3d00000, 0x00000000e3d00000| Untracked 
|  62|0x00000000e3e00000, 0x00000000e3e00000, 0x00000000e3f00000|  0%| F|  |TAMS 0x00000000e3e00000, 0x00000000e3e00000| Untracked 
|  63|0x00000000e3f00000, 0x00000000e3f00000, 0x00000000e4000000|  0%| F|  |TAMS 0x00000000e3f00000, 0x00000000e3f00000| Untracked 
|  64|0x00000000e4000000, 0x00000000e4000000, 0x00000000e4100000|  0%| F|  |TAMS 0x00000000e4000000, 0x00000000e4000000| Untracked 
|  65|0x00000000e4100000, 0x00000000e4100000, 0x00000000e4200000|  0%| F|  |TAMS 0x00000000e4100000, 0x00000000e4100000| Untracked 
|  66|0x00000000e4200000, 0x00000000e4200000, 0x00000000e4300000|  0%| F|  |TAMS 0x00000000e4200000, 0x00000000e4200000| Untracked 
|  67|0x00000000e4300000, 0x00000000e4300000, 0x00000000e4400000|  0%| F|  |TAMS 0x00000000e4300000, 0x00000000e4300000| Untracked 
|  68|0x00000000e4400000, 0x00000000e4400000, 0x00000000e4500000|  0%| F|  |TAMS 0x00000000e4400000, 0x00000000e4400000| Untracked 
|  69|0x00000000e4500000, 0x00000000e4500000, 0x00000000e4600000|  0%| F|  |TAMS 0x00000000e4500000, 0x00000000e4500000| Untracked 
|  70|0x00000000e4600000, 0x00000000e4600000, 0x00000000e4700000|  0%| F|  |TAMS 0x00000000e4600000, 0x00000000e4600000| Untracked 
|  71|0x00000000e4700000, 0x00000000e4700000, 0x00000000e4800000|  0%| F|  |TAMS 0x00000000e4700000, 0x00000000e4700000| Untracked 
|  72|0x00000000e4800000, 0x00000000e4800000, 0x00000000e4900000|  0%| F|  |TAMS 0x00000000e4800000, 0x00000000e4800000| Untracked 
|  73|0x00000000e4900000, 0x00000000e4900000, 0x00000000e4a00000|  0%| F|  |TAMS 0x00000000e4900000, 0x00000000e4900000| Untracked 
|  74|0x00000000e4a00000, 0x00000000e4a00000, 0x00000000e4b00000|  0%| F|  |TAMS 0x00000000e4a00000, 0x00000000e4a00000| Untracked 
|  75|0x00000000e4b00000, 0x00000000e4b00000, 0x00000000e4c00000|  0%| F|  |TAMS 0x00000000e4b00000, 0x00000000e4b00000| Untracked 
|  76|0x00000000e4c00000, 0x00000000e4c00000, 0x00000000e4d00000|  0%| F|  |TAMS 0x00000000e4c00000, 0x00000000e4c00000| Untracked 
|  77|0x00000000e4d00000, 0x00000000e4d00000, 0x00000000e4e00000|  0%| F|  |TAMS 0x00000000e4d00000, 0x00000000e4d00000| Untracked 
|  78|0x00000000e4e00000, 0x00000000e4e00000, 0x00000000e4f00000|  0%| F|  |TAMS 0x00000000e4e00000, 0x00000000e4e00000| Untracked 
|  79|0x00000000e4f00000, 0x00000000e4f00000, 0x00000000e5000000|  0%| F|  |TAMS 0x00000000e4f00000, 0x00000000e4f00000| Untracked 
|  80|0x00000000e5000000, 0x00000000e5000000, 0x00000000e5100000|  0%| F|  |TAMS 0x00000000e5000000, 0x00000000e5000000| Untracked 
|  81|0x00000000e5100000, 0x00000000e5100000, 0x00000000e5200000|  0%| F|  |TAMS 0x00000000e5100000, 0x00000000e5100000| Untracked 
|  82|0x00000000e5200000, 0x00000000e5200000, 0x00000000e5300000|  0%| F|  |TAMS 0x00000000e5200000, 0x00000000e5200000| Untracked 
|  83|0x00000000e5300000, 0x00000000e5300000, 0x00000000e5400000|  0%| F|  |TAMS 0x00000000e5300000, 0x00000000e5300000| Untracked 
|  84|0x00000000e5400000, 0x00000000e5400000, 0x00000000e5500000|  0%| F|  |TAMS 0x00000000e5400000, 0x00000000e5400000| Untracked 
|  85|0x00000000e5500000, 0x00000000e5500000, 0x00000000e5600000|  0%| F|  |TAMS 0x00000000e5500000, 0x00000000e5500000| Untracked 
|  86|0x00000000e5600000, 0x00000000e5600000, 0x00000000e5700000|  0%| F|  |TAMS 0x00000000e5600000, 0x00000000e5600000| Untracked 
|  87|0x00000000e5700000, 0x00000000e5700000, 0x00000000e5800000|  0%| F|  |TAMS 0x00000000e5700000, 0x00000000e5700000| Untracked 
|  88|0x00000000e5800000, 0x00000000e5800000, 0x00000000e5900000|  0%| F|  |TAMS 0x00000000e5800000, 0x00000000e5800000| Untracked 
|  89|0x00000000e5900000, 0x00000000e5900000, 0x00000000e5a00000|  0%| F|  |TAMS 0x00000000e5900000, 0x00000000e5900000| Untracked 
|  90|0x00000000e5a00000, 0x00000000e5a00000, 0x00000000e5b00000|  0%| F|  |TAMS 0x00000000e5a00000, 0x00000000e5a00000| Untracked 
|  91|0x00000000e5b00000, 0x00000000e5b00000, 0x00000000e5c00000|  0%| F|  |TAMS 0x00000000e5b00000, 0x00000000e5b00000| Untracked 
|  92|0x00000000e5c00000, 0x00000000e5c00000, 0x00000000e5d00000|  0%| F|  |TAMS 0x00000000e5c00000, 0x00000000e5c00000| Untracked 
|  93|0x00000000e5d00000, 0x00000000e5d00000, 0x00000000e5e00000|  0%| F|  |TAMS 0x00000000e5d00000, 0x00000000e5d00000| Untracked 
|  94|0x00000000e5e00000, 0x00000000e5e00000, 0x00000000e5f00000|  0%| F|  |TAMS 0x00000000e5e00000, 0x00000000e5e00000| Untracked 
|  95|0x00000000e5f00000, 0x00000000e5f00000, 0x00000000e6000000|  0%| F|  |TAMS 0x00000000e5f00000, 0x00000000e5f00000| Untracked 
|  96|0x00000000e6000000, 0x00000000e6000000, 0x00000000e6100000|  0%| F|  |TAMS 0x00000000e6000000, 0x00000000e6000000| Untracked 
|  97|0x00000000e6100000, 0x00000000e6100000, 0x00000000e6200000|  0%| F|  |TAMS 0x00000000e6100000, 0x00000000e6100000| Untracked 
|  98|0x00000000e6200000, 0x00000000e6200000, 0x00000000e6300000|  0%| F|  |TAMS 0x00000000e6200000, 0x00000000e6200000| Untracked 
|  99|0x00000000e6300000, 0x00000000e6300000, 0x00000000e6400000|  0%| F|  |TAMS 0x00000000e6300000, 0x00000000e6300000| Untracked 
| 100|0x00000000e6400000, 0x00000000e6400000, 0x00000000e6500000|  0%| F|  |TAMS 0x00000000e6400000, 0x00000000e6400000| Untracked 
| 101|0x00000000e6500000, 0x00000000e6500000, 0x00000000e6600000|  0%| F|  |TAMS 0x00000000e6500000, 0x00000000e6500000| Untracked 
| 102|0x00000000e6600000, 0x00000000e6600000, 0x00000000e6700000|  0%| F|  |TAMS 0x00000000e6600000, 0x00000000e6600000| Untracked 
| 103|0x00000000e6700000, 0x00000000e6700000, 0x00000000e6800000|  0%| F|  |TAMS 0x00000000e6700000, 0x00000000e6700000| Untracked 
| 104|0x00000000e6800000, 0x00000000e6800000, 0x00000000e6900000|  0%| F|  |TAMS 0x00000000e6800000, 0x00000000e6800000| Untracked 
| 105|0x00000000e6900000, 0x00000000e6900000, 0x00000000e6a00000|  0%| F|  |TAMS 0x00000000e6900000, 0x00000000e6900000| Untracked 
| 106|0x00000000e6a00000, 0x00000000e6a00000, 0x00000000e6b00000|  0%| F|  |TAMS 0x00000000e6a00000, 0x00000000e6a00000| Untracked 
| 107|0x00000000e6b00000, 0x00000000e6b00000, 0x00000000e6c00000|  0%| F|  |TAMS 0x00000000e6b00000, 0x00000000e6b00000| Untracked 
| 108|0x00000000e6c00000, 0x00000000e6c00000, 0x00000000e6d00000|  0%| F|  |TAMS 0x00000000e6c00000, 0x00000000e6c00000| Untracked 
| 109|0x00000000e6d00000, 0x00000000e6d00000, 0x00000000e6e00000|  0%| F|  |TAMS 0x00000000e6d00000, 0x00000000e6d00000| Untracked 
| 110|0x00000000e6e00000, 0x00000000e6e00000, 0x00000000e6f00000|  0%| F|  |TAMS 0x00000000e6e00000, 0x00000000e6e00000| Untracked 
| 111|0x00000000e6f00000, 0x00000000e6f00000, 0x00000000e7000000|  0%| F|  |TAMS 0x00000000e6f00000, 0x00000000e6f00000| Untracked 
| 112|0x00000000e7000000, 0x00000000e7000000, 0x00000000e7100000|  0%| F|  |TAMS 0x00000000e7000000, 0x00000000e7000000| Untracked 
| 113|0x00000000e7100000, 0x00000000e7100000, 0x00000000e7200000|  0%| F|  |TAMS 0x00000000e7100000, 0x00000000e7100000| Untracked 
| 114|0x00000000e7200000, 0x00000000e7200000, 0x00000000e7300000|  0%| F|  |TAMS 0x00000000e7200000, 0x00000000e7200000| Untracked 
| 115|0x00000000e7300000, 0x00000000e7300000, 0x00000000e7400000|  0%| F|  |TAMS 0x00000000e7300000, 0x00000000e7300000| Untracked 
| 116|0x00000000e7400000, 0x00000000e7400000, 0x00000000e7500000|  0%| F|  |TAMS 0x00000000e7400000, 0x00000000e7400000| Untracked 
| 117|0x00000000e7500000, 0x00000000e7500000, 0x00000000e7600000|  0%| F|  |TAMS 0x00000000e7500000, 0x00000000e7500000| Untracked 
| 118|0x00000000e7600000, 0x00000000e7600000, 0x00000000e7700000|  0%| F|  |TAMS 0x00000000e7600000, 0x00000000e7600000| Untracked 
| 119|0x00000000e7700000, 0x00000000e7700000, 0x00000000e7800000|  0%| F|  |TAMS 0x00000000e7700000, 0x00000000e7700000| Untracked 
| 120|0x00000000e7800000, 0x00000000e7800000, 0x00000000e7900000|  0%| F|  |TAMS 0x00000000e7800000, 0x00000000e7800000| Untracked 
| 121|0x00000000e7900000, 0x00000000e7900000, 0x00000000e7a00000|  0%| F|  |TAMS 0x00000000e7900000, 0x00000000e7900000| Untracked 
| 122|0x00000000e7a00000, 0x00000000e7a00000, 0x00000000e7b00000|  0%| F|  |TAMS 0x00000000e7a00000, 0x00000000e7a00000| Untracked 
| 123|0x00000000e7b00000, 0x00000000e7b00000, 0x00000000e7c00000|  0%| F|  |TAMS 0x00000000e7b00000, 0x00000000e7b00000| Untracked 
| 124|0x00000000e7c00000, 0x00000000e7c00000, 0x00000000e7d00000|  0%| F|  |TAMS 0x00000000e7c00000, 0x00000000e7c00000| Untracked 
| 125|0x00000000e7d00000, 0x00000000e7d00000, 0x00000000e7e00000|  0%| F|  |TAMS 0x00000000e7d00000, 0x00000000e7d00000| Untracked 
| 126|0x00000000e7e00000, 0x00000000e7e00000, 0x00000000e7f00000|  0%| F|  |TAMS 0x00000000e7e00000, 0x00000000e7e00000| Untracked 
| 127|0x00000000e7f00000, 0x00000000e7f00000, 0x00000000e8000000|  0%| F|  |TAMS 0x00000000e7f00000, 0x00000000e7f00000| Untracked 
| 128|0x00000000e8000000, 0x00000000e8000000, 0x00000000e8100000|  0%| F|  |TAMS 0x00000000e8000000, 0x00000000e8000000| Untracked 
| 129|0x00000000e8100000, 0x00000000e8100000, 0x00000000e8200000|  0%| F|  |TAMS 0x00000000e8100000, 0x00000000e8100000| Untracked 
| 130|0x00000000e8200000, 0x00000000e8200000, 0x00000000e8300000|  0%| F|  |TAMS 0x00000000e8200000, 0x00000000e8200000| Untracked 
| 131|0x00000000e8300000, 0x00000000e8300000, 0x00000000e8400000|  0%| F|  |TAMS 0x00000000e8300000, 0x00000000e8300000| Untracked 
| 132|0x00000000e8400000, 0x00000000e8400000, 0x00000000e8500000|  0%| F|  |TAMS 0x00000000e8400000, 0x00000000e8400000| Untracked 
| 133|0x00000000e8500000, 0x00000000e8500000, 0x00000000e8600000|  0%| F|  |TAMS 0x00000000e8500000, 0x00000000e8500000| Untracked 
| 134|0x00000000e8600000, 0x00000000e8600000, 0x00000000e8700000|  0%| F|  |TAMS 0x00000000e8600000, 0x00000000e8600000| Untracked 
| 135|0x00000000e8700000, 0x00000000e8700000, 0x00000000e8800000|  0%| F|  |TAMS 0x00000000e8700000, 0x00000000e8700000| Untracked 
| 136|0x00000000e8800000, 0x00000000e8800000, 0x00000000e8900000|  0%| F|  |TAMS 0x00000000e8800000, 0x00000000e8800000| Untracked 
| 137|0x00000000e8900000, 0x00000000e8900000, 0x00000000e8a00000|  0%| F|  |TAMS 0x00000000e8900000, 0x00000000e8900000| Untracked 
| 138|0x00000000e8a00000, 0x00000000e8a00000, 0x00000000e8b00000|  0%| F|  |TAMS 0x00000000e8a00000, 0x00000000e8a00000| Untracked 
| 139|0x00000000e8b00000, 0x00000000e8b00000, 0x00000000e8c00000|  0%| F|  |TAMS 0x00000000e8b00000, 0x00000000e8b00000| Untracked 
| 140|0x00000000e8c00000, 0x00000000e8c00000, 0x00000000e8d00000|  0%| F|  |TAMS 0x00000000e8c00000, 0x00000000e8c00000| Untracked 
| 141|0x00000000e8d00000, 0x00000000e8d00000, 0x00000000e8e00000|  0%| F|  |TAMS 0x00000000e8d00000, 0x00000000e8d00000| Untracked 
| 142|0x00000000e8e00000, 0x00000000e8e00000, 0x00000000e8f00000|  0%| F|  |TAMS 0x00000000e8e00000, 0x00000000e8e00000| Untracked 
| 143|0x00000000e8f00000, 0x00000000e8f00000, 0x00000000e9000000|  0%| F|  |TAMS 0x00000000e8f00000, 0x00000000e8f00000| Untracked 
| 144|0x00000000e9000000, 0x00000000e9000000, 0x00000000e9100000|  0%| F|  |TAMS 0x00000000e9000000, 0x00000000e9000000| Untracked 
| 145|0x00000000e9100000, 0x00000000e9100000, 0x00000000e9200000|  0%| F|  |TAMS 0x00000000e9100000, 0x00000000e9100000| Untracked 
| 146|0x00000000e9200000, 0x00000000e9200000, 0x00000000e9300000|  0%| F|  |TAMS 0x00000000e9200000, 0x00000000e9200000| Untracked 
| 147|0x00000000e9300000, 0x00000000e9300000, 0x00000000e9400000|  0%| F|  |TAMS 0x00000000e9300000, 0x00000000e9300000| Untracked 
| 148|0x00000000e9400000, 0x00000000e9400000, 0x00000000e9500000|  0%| F|  |TAMS 0x00000000e9400000, 0x00000000e9400000| Untracked 
| 149|0x00000000e9500000, 0x00000000e9500000, 0x00000000e9600000|  0%| F|  |TAMS 0x00000000e9500000, 0x00000000e9500000| Untracked 
| 150|0x00000000e9600000, 0x00000000e9600000, 0x00000000e9700000|  0%| F|  |TAMS 0x00000000e9600000, 0x00000000e9600000| Untracked 
| 151|0x00000000e9700000, 0x00000000e9700000, 0x00000000e9800000|  0%| F|  |TAMS 0x00000000e9700000, 0x00000000e9700000| Untracked 
| 152|0x00000000e9800000, 0x00000000e9800000, 0x00000000e9900000|  0%| F|  |TAMS 0x00000000e9800000, 0x00000000e9800000| Untracked 
| 153|0x00000000e9900000, 0x00000000e9900000, 0x00000000e9a00000|  0%| F|  |TAMS 0x00000000e9900000, 0x00000000e9900000| Untracked 
| 154|0x00000000e9a00000, 0x00000000e9a00000, 0x00000000e9b00000|  0%| F|  |TAMS 0x00000000e9a00000, 0x00000000e9a00000| Untracked 
| 155|0x00000000e9b00000, 0x00000000e9b00000, 0x00000000e9c00000|  0%| F|  |TAMS 0x00000000e9b00000, 0x00000000e9b00000| Untracked 
| 156|0x00000000e9c00000, 0x00000000e9c00000, 0x00000000e9d00000|  0%| F|  |TAMS 0x00000000e9c00000, 0x00000000e9c00000| Untracked 
| 157|0x00000000e9d00000, 0x00000000e9d00000, 0x00000000e9e00000|  0%| F|  |TAMS 0x00000000e9d00000, 0x00000000e9d00000| Untracked 
| 158|0x00000000e9e00000, 0x00000000e9e00000, 0x00000000e9f00000|  0%| F|  |TAMS 0x00000000e9e00000, 0x00000000e9e00000| Untracked 
| 159|0x00000000e9f00000, 0x00000000e9f00000, 0x00000000ea000000|  0%| F|  |TAMS 0x00000000e9f00000, 0x00000000e9f00000| Untracked 
| 160|0x00000000ea000000, 0x00000000ea000000, 0x00000000ea100000|  0%| F|  |TAMS 0x00000000ea000000, 0x00000000ea000000| Untracked 
| 161|0x00000000ea100000, 0x00000000ea100000, 0x00000000ea200000|  0%| F|  |TAMS 0x00000000ea100000, 0x00000000ea100000| Untracked 
| 162|0x00000000ea200000, 0x00000000ea200000, 0x00000000ea300000|  0%| F|  |TAMS 0x00000000ea200000, 0x00000000ea200000| Untracked 
| 163|0x00000000ea300000, 0x00000000ea300000, 0x00000000ea400000|  0%| F|  |TAMS 0x00000000ea300000, 0x00000000ea300000| Untracked 
| 164|0x00000000ea400000, 0x00000000ea400000, 0x00000000ea500000|  0%| F|  |TAMS 0x00000000ea400000, 0x00000000ea400000| Untracked 
| 165|0x00000000ea500000, 0x00000000ea500000, 0x00000000ea600000|  0%| F|  |TAMS 0x00000000ea500000, 0x00000000ea500000| Untracked 
| 166|0x00000000ea600000, 0x00000000ea600000, 0x00000000ea700000|  0%| F|  |TAMS 0x00000000ea600000, 0x00000000ea600000| Untracked 
| 167|0x00000000ea700000, 0x00000000ea700000, 0x00000000ea800000|  0%| F|  |TAMS 0x00000000ea700000, 0x00000000ea700000| Untracked 
| 168|0x00000000ea800000, 0x00000000ea800000, 0x00000000ea900000|  0%| F|  |TAMS 0x00000000ea800000, 0x00000000ea800000| Untracked 
| 169|0x00000000ea900000, 0x00000000ea900000, 0x00000000eaa00000|  0%| F|  |TAMS 0x00000000ea900000, 0x00000000ea900000| Untracked 
| 170|0x00000000eaa00000, 0x00000000eaa00000, 0x00000000eab00000|  0%| F|  |TAMS 0x00000000eaa00000, 0x00000000eaa00000| Untracked 
| 171|0x00000000eab00000, 0x00000000eab00000, 0x00000000eac00000|  0%| F|  |TAMS 0x00000000eab00000, 0x00000000eab00000| Untracked 
| 172|0x00000000eac00000, 0x00000000eac00000, 0x00000000ead00000|  0%| F|  |TAMS 0x00000000eac00000, 0x00000000eac00000| Untracked 
| 173|0x00000000ead00000, 0x00000000ead00000, 0x00000000eae00000|  0%| F|  |TAMS 0x00000000ead00000, 0x00000000ead00000| Untracked 
| 174|0x00000000eae00000, 0x00000000eae00000, 0x00000000eaf00000|  0%| F|  |TAMS 0x00000000eae00000, 0x00000000eae00000| Untracked 
| 175|0x00000000eaf00000, 0x00000000eaf00000, 0x00000000eb000000|  0%| F|  |TAMS 0x00000000eaf00000, 0x00000000eaf00000| Untracked 
| 176|0x00000000eb000000, 0x00000000eb000000, 0x00000000eb100000|  0%| F|  |TAMS 0x00000000eb000000, 0x00000000eb000000| Untracked 
| 177|0x00000000eb100000, 0x00000000eb100000, 0x00000000eb200000|  0%| F|  |TAMS 0x00000000eb100000, 0x00000000eb100000| Untracked 
| 178|0x00000000eb200000, 0x00000000eb200000, 0x00000000eb300000|  0%| F|  |TAMS 0x00000000eb200000, 0x00000000eb200000| Untracked 
| 179|0x00000000eb300000, 0x00000000eb300000, 0x00000000eb400000|  0%| F|  |TAMS 0x00000000eb300000, 0x00000000eb300000| Untracked 
| 180|0x00000000eb400000, 0x00000000eb400000, 0x00000000eb500000|  0%| F|  |TAMS 0x00000000eb400000, 0x00000000eb400000| Untracked 
| 181|0x00000000eb500000, 0x00000000eb500000, 0x00000000eb600000|  0%| F|  |TAMS 0x00000000eb500000, 0x00000000eb500000| Untracked 
| 182|0x00000000eb600000, 0x00000000eb600000, 0x00000000eb700000|  0%| F|  |TAMS 0x00000000eb600000, 0x00000000eb600000| Untracked 
| 183|0x00000000eb700000, 0x00000000eb700000, 0x00000000eb800000|  0%| F|  |TAMS 0x00000000eb700000, 0x00000000eb700000| Untracked 
| 184|0x00000000eb800000, 0x00000000eb81de48, 0x00000000eb900000| 11%| S|CS|TAMS 0x00000000eb800000, 0x00000000eb800000| Complete 
| 185|0x00000000eb900000, 0x00000000eba00000, 0x00000000eba00000|100%| S|CS|TAMS 0x00000000eb900000, 0x00000000eb900000| Complete 
| 186|0x00000000eba00000, 0x00000000ebb00000, 0x00000000ebb00000|100%| S|CS|TAMS 0x00000000eba00000, 0x00000000eba00000| Complete 
| 187|0x00000000ebb00000, 0x00000000ebc00000, 0x00000000ebc00000|100%| S|CS|TAMS 0x00000000ebb00000, 0x00000000ebb00000| Complete 
| 188|0x00000000ebc00000, 0x00000000ebd00000, 0x00000000ebd00000|100%| S|CS|TAMS 0x00000000ebc00000, 0x00000000ebc00000| Complete 
| 189|0x00000000ebd00000, 0x00000000ebe00000, 0x00000000ebe00000|100%| S|CS|TAMS 0x00000000ebd00000, 0x00000000ebd00000| Complete 
| 190|0x00000000ebe00000, 0x00000000ebf00000, 0x00000000ebf00000|100%| S|CS|TAMS 0x00000000ebe00000, 0x00000000ebe00000| Complete 
| 191|0x00000000ebf00000, 0x00000000ebf00000, 0x00000000ec000000|  0%| F|  |TAMS 0x00000000ebf00000, 0x00000000ebf00000| Untracked 
| 192|0x00000000ec000000, 0x00000000ec000000, 0x00000000ec100000|  0%| F|  |TAMS 0x00000000ec000000, 0x00000000ec000000| Untracked 
| 193|0x00000000ec100000, 0x00000000ec100000, 0x00000000ec200000|  0%| F|  |TAMS 0x00000000ec100000, 0x00000000ec100000| Untracked 
| 194|0x00000000ec200000, 0x00000000ec200000, 0x00000000ec300000|  0%| F|  |TAMS 0x00000000ec200000, 0x00000000ec200000| Untracked 
| 195|0x00000000ec300000, 0x00000000ec300000, 0x00000000ec400000|  0%| F|  |TAMS 0x00000000ec300000, 0x00000000ec300000| Untracked 
| 196|0x00000000ec400000, 0x00000000ec400000, 0x00000000ec500000|  0%| F|  |TAMS 0x00000000ec400000, 0x00000000ec400000| Untracked 
| 197|0x00000000ec500000, 0x00000000ec500000, 0x00000000ec600000|  0%| F|  |TAMS 0x00000000ec500000, 0x00000000ec500000| Untracked 
| 198|0x00000000ec600000, 0x00000000ec600000, 0x00000000ec700000|  0%| F|  |TAMS 0x00000000ec600000, 0x00000000ec600000| Untracked 
| 199|0x00000000ec700000, 0x00000000ec700000, 0x00000000ec800000|  0%| F|  |TAMS 0x00000000ec700000, 0x00000000ec700000| Untracked 
| 200|0x00000000ec800000, 0x00000000ec800000, 0x00000000ec900000|  0%| F|  |TAMS 0x00000000ec800000, 0x00000000ec800000| Untracked 
| 201|0x00000000ec900000, 0x00000000ec900000, 0x00000000eca00000|  0%| F|  |TAMS 0x00000000ec900000, 0x00000000ec900000| Untracked 
| 202|0x00000000eca00000, 0x00000000eca00000, 0x00000000ecb00000|  0%| F|  |TAMS 0x00000000eca00000, 0x00000000eca00000| Untracked 
| 203|0x00000000ecb00000, 0x00000000ecb00000, 0x00000000ecc00000|  0%| F|  |TAMS 0x00000000ecb00000, 0x00000000ecb00000| Untracked 
| 204|0x00000000ecc00000, 0x00000000ecc00000, 0x00000000ecd00000|  0%| F|  |TAMS 0x00000000ecc00000, 0x00000000ecc00000| Untracked 
| 205|0x00000000ecd00000, 0x00000000ecd00000, 0x00000000ece00000|  0%| F|  |TAMS 0x00000000ecd00000, 0x00000000ecd00000| Untracked 
| 206|0x00000000ece00000, 0x00000000ece00000, 0x00000000ecf00000|  0%| F|  |TAMS 0x00000000ece00000, 0x00000000ece00000| Untracked 
| 207|0x00000000ecf00000, 0x00000000ecf00000, 0x00000000ed000000|  0%| F|  |TAMS 0x00000000ecf00000, 0x00000000ecf00000| Untracked 
| 208|0x00000000ed000000, 0x00000000ed000000, 0x00000000ed100000|  0%| F|  |TAMS 0x00000000ed000000, 0x00000000ed000000| Untracked 
| 209|0x00000000ed100000, 0x00000000ed100000, 0x00000000ed200000|  0%| F|  |TAMS 0x00000000ed100000, 0x00000000ed100000| Untracked 
| 210|0x00000000ed200000, 0x00000000ed200000, 0x00000000ed300000|  0%| F|  |TAMS 0x00000000ed200000, 0x00000000ed200000| Untracked 
| 211|0x00000000ed300000, 0x00000000ed300000, 0x00000000ed400000|  0%| F|  |TAMS 0x00000000ed300000, 0x00000000ed300000| Untracked 
| 212|0x00000000ed400000, 0x00000000ed400000, 0x00000000ed500000|  0%| F|  |TAMS 0x00000000ed400000, 0x00000000ed400000| Untracked 
| 213|0x00000000ed500000, 0x00000000ed500000, 0x00000000ed600000|  0%| F|  |TAMS 0x00000000ed500000, 0x00000000ed500000| Untracked 
| 214|0x00000000ed600000, 0x00000000ed600000, 0x00000000ed700000|  0%| F|  |TAMS 0x00000000ed600000, 0x00000000ed600000| Untracked 
| 215|0x00000000ed700000, 0x00000000ed700000, 0x00000000ed800000|  0%| F|  |TAMS 0x00000000ed700000, 0x00000000ed700000| Untracked 
| 216|0x00000000ed800000, 0x00000000ed800000, 0x00000000ed900000|  0%| F|  |TAMS 0x00000000ed800000, 0x00000000ed800000| Untracked 
| 217|0x00000000ed900000, 0x00000000ed900000, 0x00000000eda00000|  0%| F|  |TAMS 0x00000000ed900000, 0x00000000ed900000| Untracked 
| 218|0x00000000eda00000, 0x00000000eda00000, 0x00000000edb00000|  0%| F|  |TAMS 0x00000000eda00000, 0x00000000eda00000| Untracked 
| 219|0x00000000edb00000, 0x00000000edb00000, 0x00000000edc00000|  0%| F|  |TAMS 0x00000000edb00000, 0x00000000edb00000| Untracked 
| 220|0x00000000edc00000, 0x00000000edc00000, 0x00000000edd00000|  0%| F|  |TAMS 0x00000000edc00000, 0x00000000edc00000| Untracked 
| 221|0x00000000edd00000, 0x00000000edd00000, 0x00000000ede00000|  0%| F|  |TAMS 0x00000000edd00000, 0x00000000edd00000| Untracked 
| 222|0x00000000ede00000, 0x00000000ede00000, 0x00000000edf00000|  0%| F|  |TAMS 0x00000000ede00000, 0x00000000ede00000| Untracked 
| 223|0x00000000edf00000, 0x00000000edf00000, 0x00000000ee000000|  0%| F|  |TAMS 0x00000000edf00000, 0x00000000edf00000| Untracked 
| 224|0x00000000ee000000, 0x00000000ee000000, 0x00000000ee100000|  0%| F|  |TAMS 0x00000000ee000000, 0x00000000ee000000| Untracked 
| 225|0x00000000ee100000, 0x00000000ee100000, 0x00000000ee200000|  0%| F|  |TAMS 0x00000000ee100000, 0x00000000ee100000| Untracked 
| 226|0x00000000ee200000, 0x00000000ee200000, 0x00000000ee300000|  0%| F|  |TAMS 0x00000000ee200000, 0x00000000ee200000| Untracked 
| 227|0x00000000ee300000, 0x00000000ee300000, 0x00000000ee400000|  0%| F|  |TAMS 0x00000000ee300000, 0x00000000ee300000| Untracked 
| 228|0x00000000ee400000, 0x00000000ee400000, 0x00000000ee500000|  0%| F|  |TAMS 0x00000000ee400000, 0x00000000ee400000| Untracked 
| 229|0x00000000ee500000, 0x00000000ee500000, 0x00000000ee600000|  0%| F|  |TAMS 0x00000000ee500000, 0x00000000ee500000| Untracked 
| 230|0x00000000ee600000, 0x00000000ee600000, 0x00000000ee700000|  0%| F|  |TAMS 0x00000000ee600000, 0x00000000ee600000| Untracked 
| 231|0x00000000ee700000, 0x00000000ee700000, 0x00000000ee800000|  0%| F|  |TAMS 0x00000000ee700000, 0x00000000ee700000| Untracked 
| 232|0x00000000ee800000, 0x00000000ee800000, 0x00000000ee900000|  0%| F|  |TAMS 0x00000000ee800000, 0x00000000ee800000| Untracked 
| 233|0x00000000ee900000, 0x00000000ee900000, 0x00000000eea00000|  0%| F|  |TAMS 0x00000000ee900000, 0x00000000ee900000| Untracked 
| 234|0x00000000eea00000, 0x00000000eea00000, 0x00000000eeb00000|  0%| F|  |TAMS 0x00000000eea00000, 0x00000000eea00000| Untracked 
| 235|0x00000000eeb00000, 0x00000000eeb00000, 0x00000000eec00000|  0%| F|  |TAMS 0x00000000eeb00000, 0x00000000eeb00000| Untracked 
| 236|0x00000000eec00000, 0x00000000eec00000, 0x00000000eed00000|  0%| F|  |TAMS 0x00000000eec00000, 0x00000000eec00000| Untracked 
| 237|0x00000000eed00000, 0x00000000eed00000, 0x00000000eee00000|  0%| F|  |TAMS 0x00000000eed00000, 0x00000000eed00000| Untracked 
| 238|0x00000000eee00000, 0x00000000eee00000, 0x00000000eef00000|  0%| F|  |TAMS 0x00000000eee00000, 0x00000000eee00000| Untracked 
| 239|0x00000000eef00000, 0x00000000eef00000, 0x00000000ef000000|  0%| F|  |TAMS 0x00000000eef00000, 0x00000000eef00000| Untracked 
| 240|0x00000000ef000000, 0x00000000ef000000, 0x00000000ef100000|  0%| F|  |TAMS 0x00000000ef000000, 0x00000000ef000000| Untracked 
| 241|0x00000000ef100000, 0x00000000ef100000, 0x00000000ef200000|  0%| F|  |TAMS 0x00000000ef100000, 0x00000000ef100000| Untracked 
| 242|0x00000000ef200000, 0x00000000ef200000, 0x00000000ef300000|  0%| F|  |TAMS 0x00000000ef200000, 0x00000000ef200000| Untracked 
| 243|0x00000000ef300000, 0x00000000ef300000, 0x00000000ef400000|  0%| F|  |TAMS 0x00000000ef300000, 0x00000000ef300000| Untracked 
| 244|0x00000000ef400000, 0x00000000ef400000, 0x00000000ef500000|  0%| F|  |TAMS 0x00000000ef400000, 0x00000000ef400000| Untracked 
| 245|0x00000000ef500000, 0x00000000ef596a28, 0x00000000ef600000| 58%| E|  |TAMS 0x00000000ef500000, 0x00000000ef500000| Complete 
| 246|0x00000000ef600000, 0x00000000ef700000, 0x00000000ef700000|100%| E|CS|TAMS 0x00000000ef600000, 0x00000000ef600000| Complete 
| 247|0x00000000ef700000, 0x00000000ef800000, 0x00000000ef800000|100%| E|CS|TAMS 0x00000000ef700000, 0x00000000ef700000| Complete 
| 248|0x00000000ef800000, 0x00000000ef900000, 0x00000000ef900000|100%| E|CS|TAMS 0x00000000ef800000, 0x00000000ef800000| Complete 
| 249|0x00000000ef900000, 0x00000000efa00000, 0x00000000efa00000|100%| E|CS|TAMS 0x00000000ef900000, 0x00000000ef900000| Complete 
| 250|0x00000000efa00000, 0x00000000efb00000, 0x00000000efb00000|100%| E|CS|TAMS 0x00000000efa00000, 0x00000000efa00000| Complete 
| 251|0x00000000efb00000, 0x00000000efc00000, 0x00000000efc00000|100%| E|CS|TAMS 0x00000000efb00000, 0x00000000efb00000| Complete 
| 252|0x00000000efc00000, 0x00000000efd00000, 0x00000000efd00000|100%| E|CS|TAMS 0x00000000efc00000, 0x00000000efc00000| Complete 
| 253|0x00000000efd00000, 0x00000000efe00000, 0x00000000efe00000|100%| E|CS|TAMS 0x00000000efd00000, 0x00000000efd00000| Complete 
| 254|0x00000000efe00000, 0x00000000eff00000, 0x00000000eff00000|100%| E|CS|TAMS 0x00000000efe00000, 0x00000000efe00000| Complete 
| 255|0x00000000eff00000, 0x00000000f0000000, 0x00000000f0000000|100%| E|CS|TAMS 0x00000000eff00000, 0x00000000eff00000| Complete 

Card table byte_map: [0x0000027543150000,0x0000027543250000] _byte_map_base: 0x0000027542a50000

Marking Bits (Prev, Next): (CMBitMap*) 0x000002752a371db0, (CMBitMap*) 0x000002752a371d70
 Prev Bits: [0x0000027543b50000, 0x0000027544350000)
 Next Bits: [0x0000027543350000, 0x0000027543b50000)

Polling page: 0x000002752a420000

Metaspace:

Usage:
  Non-class:     51.21 MB used.
      Class:      8.44 MB used.
       Both:     59.65 MB used.

Virtual space:
  Non-class space:       56.00 MB reserved,      51.50 MB ( 92%) committed,  7 nodes.
      Class space:      208.00 MB reserved,       8.75 MB (  4%) committed,  1 nodes.
             Both:      264.00 MB reserved,      60.25 MB ( 23%) committed. 

Chunk freelists:
   Non-Class:  3.78 MB
       Class:  3.31 MB
        Both:  7.09 MB

MaxMetaspaceSize: 256.00 MB
CompressedClassSpaceSize: 208.00 MB
Initial GC threshold: 21.00 MB
Current GC threshold: 99.19 MB
CDS: on
MetaspaceReclaimPolicy: balanced
 - commit_granule_bytes: 65536.
 - commit_granule_words: 8192.
 - virtual_space_node_default_size: 1048576.
 - enlarge_chunks_in_place: 1.
 - new_chunks_are_fully_committed: 0.
 - uncommit_free_chunks: 1.
 - use_allocation_guard: 0.
 - handle_deallocations: 1.


Internal statistics:

num_allocs_failed_limit: 12.
num_arena_births: 622.
num_arena_deaths: 0.
num_vsnodes_births: 8.
num_vsnodes_deaths: 0.
num_space_committed: 964.
num_space_uncommitted: 0.
num_chunks_returned_to_freelist: 12.
num_chunks_taken_from_freelist: 3034.
num_chunk_merges: 12.
num_chunk_splits: 2015.
num_chunks_enlarged: 1353.
num_purges: 0.
num_inconsistent_stats: 0.

CodeHeap 'non-profiled nmethods': size=120000Kb used=3835Kb max_used=3835Kb free=116164Kb
 bounds [0x000002753ae90000, 0x000002753b250000, 0x00000275423c0000]
CodeHeap 'profiled nmethods': size=120000Kb used=12672Kb max_used=12672Kb free=107327Kb
 bounds [0x00000275333c0000, 0x0000027534030000, 0x000002753a8f0000]
CodeHeap 'non-nmethods': size=5760Kb used=2410Kb max_used=2480Kb free=3349Kb
 bounds [0x000002753a8f0000, 0x000002753ab70000, 0x000002753ae90000]
 total_blobs=7078 nmethods=6214 adapters=776
 compilation: enabled
              stopped_count=0, restarted_count=0
 full_count=0

Compilation events (20 events):
Event: 8.687 Thread 0x0000027546fc29e0 6898       4       sun.invoke.util.VerifyAccess::isSamePackage (37 bytes)
Event: 8.689 Thread 0x0000027547dc3b80 nmethod 6884 0x000002753b24a590 code [0x000002753b24a720, 0x000002753b24ad78]
Event: 8.689 Thread 0x0000027547dc3b80 6873   !   4       org.codehaus.groovy.vmplugin.v8.Java8::checkCanSetAccessible (49 bytes)
Event: 8.690 Thread 0x0000027547dc3b80 nmethod 6873 0x000002753b24b090 code [0x000002753b24b220, 0x000002753b24b2f8]
Event: 8.690 Thread 0x0000027547dc3b80 6906       4       com.google.common.cache.CacheBuilder$1::recordHits (1 bytes)
Event: 8.690 Thread 0x0000027547dc3b80 nmethod 6906 0x000002753b24b410 code [0x000002753b24b580, 0x000002753b24b5f8]
Event: 8.703 Thread 0x0000027546fc29e0 nmethod 6898 0x000002753b24b710 code [0x000002753b24b920, 0x000002753b24cb90]
Event: 9.630 Thread 0x0000027546fc74a0 6931       3       java.nio.charset.CharsetEncoder::<init> (105 bytes)
Event: 9.631 Thread 0x0000027546fc74a0 nmethod 6931 0x000002753401a310 code [0x000002753401a540, 0x000002753401ac78]
Event: 9.631 Thread 0x0000027546fc74a0 6932       3       java.nio.charset.CharsetEncoder::replaceWith (89 bytes)
Event: 9.631 Thread 0x0000027546fc29e0 6935       4       org.gradle.internal.logging.text.AbstractLineChoppingStyledTextOutput$1::execute (9 bytes)
Event: 9.631 Thread 0x0000027546fc74a0 nmethod 6932 0x000002753401ae90 code [0x000002753401b0e0, 0x000002753401b8a8]
Event: 9.631 Thread 0x0000027546fc74a0 6934       3       org.gradle.internal.event.BroadcastDispatch$CompositeDispatch::dispatch (9 bytes)
Event: 9.631 Thread 0x0000027546fc74a0 nmethod 6934 0x000002753401bb10 code [0x000002753401bce0, 0x000002753401c0f8]
Event: 9.631 Thread 0x0000027546fc74a0 6933       1       org.gradle.internal.io.StreamByteBuffer::access$000 (5 bytes)
Event: 9.632 Thread 0x0000027546fc74a0 nmethod 6933 0x000002753b24d610 code [0x000002753b24d7a0, 0x000002753b24d858]
Event: 9.632 Thread 0x0000027546fc74a0 6939       3       org.gradle.internal.io.LineBufferingOutputStream::write (59 bytes)
Event: 9.632 Thread 0x0000027546fc74a0 nmethod 6939 0x000002753401c290 code [0x000002753401c540, 0x000002753401d3b8]
Event: 9.637 Thread 0x0000027546fc29e0 nmethod 6935 0x000002753b24d910 code [0x000002753b24db20, 0x000002753b24e490]
Event: 9.637 Thread 0x0000027546fc29e0 6938       4       org.gradle.internal.logging.text.AbstractLineChoppingStyledTextOutput::doAppend (43 bytes)

GC Heap History (18 events):
Event: 0.682 GC heap before
{Heap before GC invocations=0 (full 0):
 garbage-first heap   total 262144K, used 28672K [0x00000000e0000000, 0x0000000100000000)
  region size 1024K, 23 young (23552K), 0 survivors (0K)
 Metaspace       used 3002K, committed 3136K, reserved 221184K
  class space    used 382K, committed 448K, reserved 212992K
}
Event: 0.686 GC heap after
{Heap after GC invocations=1 (full 0):
 garbage-first heap   total 262144K, used 9129K [0x00000000e0000000, 0x0000000100000000)
  region size 1024K, 3 young (3072K), 3 survivors (3072K)
 Metaspace       used 3002K, committed 3136K, reserved 221184K
  class space    used 382K, committed 448K, reserved 212992K
}
Event: 1.046 GC heap before
{Heap before GC invocations=1 (full 0):
 garbage-first heap   total 262144K, used 38825K [0x00000000e0000000, 0x0000000100000000)
  region size 1024K, 31 young (31744K), 3 survivors (3072K)
 Metaspace       used 3949K, committed 4096K, reserved 221184K
  class space    used 478K, committed 576K, reserved 212992K
}
Event: 1.050 GC heap after
{Heap after GC invocations=2 (full 0):
 garbage-first heap   total 262144K, used 13475K [0x00000000e0000000, 0x0000000100000000)
  region size 1024K, 4 young (4096K), 4 survivors (4096K)
 Metaspace       used 3949K, committed 4096K, reserved 221184K
  class space    used 478K, committed 576K, reserved 212992K
}
Event: 3.201 GC heap before
{Heap before GC invocations=2 (full 0):
 garbage-first heap   total 262144K, used 112803K [0x00000000e0000000, 0x0000000100000000)
  region size 1024K, 102 young (104448K), 4 survivors (4096K)
 Metaspace       used 21289K, committed 21504K, reserved 237568K
  class space    used 3150K, committed 3264K, reserved 212992K
}
Event: 3.208 GC heap after
{Heap after GC invocations=3 (full 0):
 garbage-first heap   total 262144K, used 20732K [0x00000000e0000000, 0x0000000100000000)
  region size 1024K, 12 young (12288K), 12 survivors (12288K)
 Metaspace       used 21289K, committed 21504K, reserved 237568K
  class space    used 3150K, committed 3264K, reserved 212992K
}
Event: 4.924 GC heap before
{Heap before GC invocations=4 (full 0):
 garbage-first heap   total 262144K, used 130300K [0x00000000e0000000, 0x0000000100000000)
  region size 1024K, 118 young (120832K), 12 survivors (12288K)
 Metaspace       used 35631K, committed 35968K, reserved 245760K
  class space    used 4951K, committed 5120K, reserved 212992K
}
Event: 4.936 GC heap after
{Heap after GC invocations=5 (full 0):
 garbage-first heap   total 262144K, used 30851K [0x00000000e0000000, 0x0000000100000000)
  region size 1024K, 17 young (17408K), 17 survivors (17408K)
 Metaspace       used 35631K, committed 35968K, reserved 245760K
  class space    used 4951K, committed 5120K, reserved 212992K
}
Event: 4.966 GC heap before
{Heap before GC invocations=5 (full 0):
 garbage-first heap   total 262144K, used 30851K [0x00000000e0000000, 0x0000000100000000)
  region size 1024K, 18 young (18432K), 17 survivors (17408K)
 Metaspace       used 35857K, committed 36288K, reserved 245760K
  class space    used 4985K, committed 5184K, reserved 212992K
}
Event: 4.976 GC heap after
{Heap after GC invocations=6 (full 0):
 garbage-first heap   total 262144K, used 32707K [0x00000000e0000000, 0x0000000100000000)
  region size 1024K, 3 young (3072K), 3 survivors (3072K)
 Metaspace       used 35857K, committed 36288K, reserved 245760K
  class space    used 4985K, committed 5184K, reserved 212992K
}
Event: 4.988 GC heap before
{Heap before GC invocations=6 (full 0):
 garbage-first heap   total 262144K, used 32707K [0x00000000e0000000, 0x0000000100000000)
  region size 1024K, 4 young (4096K), 3 survivors (3072K)
 Metaspace       used 35949K, committed 36288K, reserved 245760K
  class space    used 5000K, committed 5184K, reserved 212992K
}
Event: 4.989 GC heap after
{Heap after GC invocations=7 (full 0):
 garbage-first heap   total 262144K, used 30803K [0x00000000e0000000, 0x0000000100000000)
  region size 1024K, 1 young (1024K), 1 survivors (1024K)
 Metaspace       used 35949K, committed 36288K, reserved 245760K
  class space    used 5000K, committed 5184K, reserved 212992K
}
Event: 6.993 GC heap before
{Heap before GC invocations=8 (full 0):
 garbage-first heap   total 262144K, used 187475K [0x00000000e0000000, 0x0000000100000000)
  region size 1024K, 153 young (156672K), 1 survivors (1024K)
 Metaspace       used 49807K, committed 50368K, reserved 262144K
  class space    used 7109K, committed 7360K, reserved 212992K
}
Event: 7.002 GC heap after
{Heap after GC invocations=9 (full 0):
 garbage-first heap   total 262144K, used 42431K [0x00000000e0000000, 0x0000000100000000)
  region size 1024K, 13 young (13312K), 13 survivors (13312K)
 Metaspace       used 49807K, committed 50368K, reserved 262144K
  class space    used 7109K, committed 7360K, reserved 212992K
}
Event: 7.028 GC heap before
{Heap before GC invocations=9 (full 0):
 garbage-first heap   total 262144K, used 42431K [0x00000000e0000000, 0x0000000100000000)
  region size 1024K, 14 young (14336K), 13 survivors (13312K)
 Metaspace       used 50003K, committed 50624K, reserved 262144K
  class space    used 7139K, committed 7424K, reserved 212992K
}
Event: 7.038 GC heap after
{Heap after GC invocations=10 (full 0):
 garbage-first heap   total 262144K, used 43620K [0x00000000e0000000, 0x0000000100000000)
  region size 1024K, 2 young (2048K), 2 survivors (2048K)
 Metaspace       used 50003K, committed 50624K, reserved 262144K
  class space    used 7139K, committed 7424K, reserved 212992K
}
Event: 8.330 GC heap before
{Heap before GC invocations=10 (full 0):
 garbage-first heap   total 262144K, used 107108K [0x00000000e0000000, 0x0000000100000000)
  region size 1024K, 65 young (66560K), 2 survivors (2048K)
 Metaspace       used 60160K, committed 60736K, reserved 270336K
  class space    used 8530K, committed 8832K, reserved 212992K
}
Event: 8.335 GC heap after
{Heap after GC invocations=11 (full 0):
 garbage-first heap   total 262144K, used 48127K [0x00000000e0000000, 0x0000000100000000)
  region size 1024K, 7 young (7168K), 7 survivors (7168K)
 Metaspace       used 60160K, committed 60736K, reserved 270336K
  class space    used 8530K, committed 8832K, reserved 212992K
}

Deoptimization events (20 events):
Event: 8.654 Thread 0x0000027547c39a60 DEOPT PACKING pc=0x000002753372af61 sp=0x00000084f92fe460
Event: 8.654 Thread 0x0000027547c39a60 DEOPT UNPACKING pc=0x000002753a942b43 sp=0x00000084f92fd908 mode 1
Event: 8.654 Thread 0x0000027547c39a60 DEOPT PACKING pc=0x0000027533613844 sp=0x00000084f92fe4c0
Event: 8.654 Thread 0x0000027547c39a60 DEOPT UNPACKING pc=0x000002753a942b43 sp=0x00000084f92fd9a8 mode 1
Event: 8.654 Thread 0x0000027547c39a60 DEOPT PACKING pc=0x0000027533982999 sp=0x00000084f92fe430
Event: 8.654 Thread 0x0000027547c39a60 DEOPT UNPACKING pc=0x000002753a942b43 sp=0x00000084f92fd928 mode 1
Event: 8.654 Thread 0x0000027547c39a60 DEOPT PACKING pc=0x0000027533613844 sp=0x00000084f92fe5a0
Event: 8.654 Thread 0x0000027547c39a60 DEOPT UNPACKING pc=0x000002753a942b43 sp=0x00000084f92fda88 mode 1
Event: 8.656 Thread 0x000002754a4cc800 Uncommon trap: trap_request=0xffffffc6 fr.pc=0x000002753b2009c0 relative=0x00000000000009c0
Event: 8.656 Thread 0x000002754a4cc800 Uncommon trap: reason=bimorphic_or_optimized_type_check action=maybe_recompile pc=0x000002753b2009c0 method=java.io.BufferedInputStream.read1([BII)I @ 39 c2
Event: 8.656 Thread 0x000002754a4cc800 DEOPT PACKING pc=0x000002753b2009c0 sp=0x00000084f96ff190
Event: 8.656 Thread 0x000002754a4cc800 DEOPT UNPACKING pc=0x000002753a9423a3 sp=0x00000084f96ff0d8 mode 2
Event: 9.631 Thread 0x000002754a4cc800 Uncommon trap: trap_request=0xffffffc6 fr.pc=0x000002753b2009c0 relative=0x00000000000009c0
Event: 9.631 Thread 0x000002754a4cc800 Uncommon trap: reason=bimorphic_or_optimized_type_check action=maybe_recompile pc=0x000002753b2009c0 method=java.io.BufferedInputStream.read1([BII)I @ 39 c2
Event: 9.631 Thread 0x000002754a4cc800 DEOPT PACKING pc=0x000002753b2009c0 sp=0x00000084f96ff190
Event: 9.631 Thread 0x000002754a4cc800 DEOPT UNPACKING pc=0x000002753a9423a3 sp=0x00000084f96ff0d8 mode 2
Event: 9.631 Thread 0x000002754a4cc800 Uncommon trap: trap_request=0xffffffc6 fr.pc=0x000002753b2009c0 relative=0x00000000000009c0
Event: 9.631 Thread 0x000002754a4cc800 Uncommon trap: reason=bimorphic_or_optimized_type_check action=maybe_recompile pc=0x000002753b2009c0 method=java.io.BufferedInputStream.read1([BII)I @ 39 c2
Event: 9.631 Thread 0x000002754a4cc800 DEOPT PACKING pc=0x000002753b2009c0 sp=0x00000084f96ff190
Event: 9.631 Thread 0x000002754a4cc800 DEOPT UNPACKING pc=0x000002753a9423a3 sp=0x00000084f96ff0d8 mode 2

Classes unloaded (0 events):
No events

Classes redefined (0 events):
No events

Internal exceptions (20 events):
Event: 8.153 Thread 0x0000027547c39590 Exception <a 'sun/nio/fs/WindowsException'{0x00000000ec7f4288}> (0x00000000ec7f4288) 
thrown [s\open\src\hotspot\share\prims\jni.cpp, line 516]
Event: 8.294 Thread 0x0000027548dbb4e0 Exception <a 'java/lang/NoSuchMethodError'{0x00000000ec001a30}: static Lorg/gradle/internal/build/event/types/DefaultTaskFinishedProgressEvent;.<clinit>()V> (0x00000000ec001a30) 
thrown [s\open\src\hotspot\share\prims\jni.cpp, line 1107]
Event: 8.297 Thread 0x0000027548dbb4e0 Exception <a 'java/lang/NoSuchMethodError'{0x00000000ec0235c8}: static Lorg/gradle/internal/build/event/types/DefaultJavaCompileTaskSuccessResult;.<clinit>()V> (0x00000000ec0235c8) 
thrown [s\open\src\hotspot\share\prims\jni.cpp, line 1107]
Event: 8.297 Thread 0x0000027548dbb4e0 Exception <a 'java/lang/NoSuchMethodError'{0x00000000ec025098}: static Lorg/gradle/internal/build/event/types/DefaultTaskSuccessResult;.<clinit>()V> (0x00000000ec025098) 
thrown [s\open\src\hotspot\share\prims\jni.cpp, line 1107]
Event: 8.297 Thread 0x0000027548dbb4e0 Exception <a 'java/lang/NoSuchMethodError'{0x00000000ec026210}: static Lorg/gradle/internal/build/event/types/AbstractTaskResult;.<clinit>()V> (0x00000000ec026210) 
thrown [s\open\src\hotspot\share\prims\jni.cpp, line 1107]
Event: 8.298 Thread 0x0000027548dbb4e0 Exception <a 'java/lang/NoSuchMethodError'{0x00000000ec027738}: static Lorg/gradle/internal/build/event/types/AbstractResult;.<clinit>()V> (0x00000000ec027738) 
thrown [s\open\src\hotspot\share\prims\jni.cpp, line 1107]
Event: 8.301 Thread 0x0000027548dbb4e0 Exception <a 'java/lang/NoSuchMethodError'{0x00000000ec044d48}: static [Ljava/lang/Object;.<clinit>()V> (0x00000000ec044d48) 
thrown [s\open\src\hotspot\share\prims\jni.cpp, line 1107]
Event: 8.330 Thread 0x0000027547c39590 Exception <a 'java/lang/NoSuchMethodError'{0x00000000ec0e5780}: 'void java.lang.invoke.DirectMethodHandle$Holder.invokeInterface(java.lang.Object, java.lang.Object, java.lang.Object, java.lang.Object)'> (0x00000000ec0e5780) 
thrown [s\open\src\hotspot\share\interpreter\linkResolver.cpp, line 759]
Event: 8.579 Thread 0x0000027547c39590 Exception <a 'java/lang/ClassNotFoundException'{0x00000000ef83e128}: com/intellij/openapi/externalSystem/rt/execution/ForkedDebuggerHelperBeanInfo> (0x00000000ef83e128) 
thrown [s\open\src\hotspot\share\classfile\systemDictionary.cpp, line 256]
Event: 8.579 Thread 0x0000027547c39590 Exception <a 'java/lang/ClassNotFoundException'{0x00000000ef846e20}: com/intellij/openapi/externalSystem/rt/execution/ForkedDebuggerHelperCustomizer> (0x00000000ef846e20) 
thrown [s\open\src\hotspot\share\classfile\systemDictionary.cpp, line 256]
Event: 8.584 Thread 0x0000027547c39590 Exception <a 'java/net/SocketException'{0x00000000ef85ba88}: Socket is not connected: shutdown> (0x00000000ef85ba88) 
thrown [s\open\src\hotspot\share\prims\jni.cpp, line 535]
Event: 8.600 Thread 0x0000027547c39590 Exception <a 'java/lang/ClassNotFoundException'{0x00000000ef7233c0}: org/gradle/api/internal/file/collections/DefaultConfigurableFileCollectionBeanInfo> (0x00000000ef7233c0) 
thrown [s\open\src\hotspot\share\classfile\systemDictionary.cpp, line 256]
Event: 8.601 Thread 0x0000027547c39590 Exception <a 'java/lang/ClassNotFoundException'{0x00000000ef7354f8}: org/gradle/api/internal/file/collections/DefaultConfigurableFileCollectionCustomizer> (0x00000000ef7354f8) 
thrown [s\open\src\hotspot\share\classfile\systemDictionary.cpp, line 256]
Event: 8.618 Thread 0x0000027547c39590 Exception <a 'java/lang/NoSuchMethodError'{0x00000000ef7d4350}: 'java.lang.Object java.lang.invoke.DirectMethodHandle$Holder.newInvokeSpecial(java.lang.Object, java.lang.Object, int, java.lang.Object, java.lang.Object, java.lang.Object, java.lang.Object)'> (0x00000000ef7d4350) 
thrown [s\open\src\hotspot\share\interpreter\linkResolver.cpp, line 759]
Event: 8.646 Thread 0x0000027547c39a60 Exception <a 'java/lang/NoSuchMethodError'{0x00000000ef6d1120}: 'void java.lang.invoke.DirectMethodHandle$Holder.invokeStatic(java.lang.Object, long)'> (0x00000000ef6d1120) 
thrown [s\open\src\hotspot\share\interpreter\linkResolver.cpp, line 759]
Event: 8.647 Thread 0x0000027547c39a60 Exception <a 'java/lang/NoSuchMethodError'{0x00000000ef6d64d0}: 'java.lang.Object java.lang.invoke.DirectMethodHandle$Holder.newInvokeSpecial(java.lang.Object, long)'> (0x00000000ef6d64d0) 
thrown [s\open\src\hotspot\share\interpreter\linkResolver.cpp, line 759]
Event: 8.649 Thread 0x0000027547c39a60 Exception <a 'java/lang/NoSuchMethodError'{0x00000000ef6dd090}: 'java.lang.Object java.lang.invoke.DirectMethodHandle$Holder.invokeStatic(java.lang.Object, java.lang.Object, long, java.lang.Object)'> (0x00000000ef6dd090) 
thrown [s\open\src\hotspot\share\interpreter\linkResolver.cpp, line 759]
Event: 8.649 Thread 0x0000027547c39a60 Exception <a 'java/lang/NoSuchMethodError'{0x00000000ef6e0b28}: 'java.lang.Object java.lang.invoke.DirectMethodHandle$Holder.invokeStaticInit(java.lang.Object, java.lang.Object, long, java.lang.Object)'> (0x00000000ef6e0b28) 
thrown [s\open\src\hotspot\share\interpreter\linkResolver.cpp, line 759]
Event: 8.650 Thread 0x0000027547c39a60 Exception <a 'java/lang/NoSuchMethodError'{0x00000000ef6e73b8}: 'java.lang.Object java.lang.invoke.DirectMethodHandle$Holder.newInvokeSpecial(java.lang.Object, java.lang.Object, long)'> (0x00000000ef6e73b8) 
thrown [s\open\src\hotspot\share\interpreter\linkResolver.cpp, line 759]
Event: 8.650 Thread 0x0000027547c39a60 Exception <a 'java/lang/NoSuchMethodError'{0x00000000ef6eaf28}: 'java.lang.Object java.lang.invoke.Invokers$Holder.linkToTargetMethod(java.lang.Object, long, java.lang.Object)'> (0x00000000ef6eaf28) 
thrown [s\open\src\hotspot\share\interpreter\linkResolver.cpp, line 759]

VM Operations (20 events):
Event: 8.040 Executing VM operation: ICBufferFull
Event: 8.040 Executing VM operation: ICBufferFull done
Event: 8.267 Executing VM operation: ICBufferFull
Event: 8.268 Executing VM operation: ICBufferFull done
Event: 8.278 Executing VM operation: HandshakeAllThreads
Event: 8.279 Executing VM operation: HandshakeAllThreads done
Event: 8.291 Executing VM operation: HandshakeAllThreads
Event: 8.291 Executing VM operation: HandshakeAllThreads done
Event: 8.330 Executing VM operation: CollectForMetadataAllocation
Event: 8.335 Executing VM operation: CollectForMetadataAllocation done
Event: 8.361 Executing VM operation: G1Concurrent
Event: 8.365 Executing VM operation: G1Concurrent done
Event: 8.374 Executing VM operation: G1Concurrent
Event: 8.374 Executing VM operation: G1Concurrent done
Event: 8.381 Executing VM operation: HandshakeAllThreads
Event: 8.381 Executing VM operation: HandshakeAllThreads done
Event: 8.651 Executing VM operation: HandshakeAllThreads
Event: 8.651 Executing VM operation: HandshakeAllThreads done
Event: 9.658 Executing VM operation: Cleanup
Event: 9.658 Executing VM operation: Cleanup done

Events (20 events):
Event: 8.638 Thread 0x0000027547c39a60 Thread added: 0x0000027547c39a60
Event: 8.639 loading class java/lang/ProcessBuilder
Event: 8.639 loading class java/lang/ProcessBuilder done
Event: 8.640 loading class java/lang/ProcessImpl
Event: 8.641 loading class java/lang/ProcessImpl done
Event: 8.647 loading class java/lang/ProcessHandleImpl
Event: 8.648 loading class java/lang/ProcessHandleImpl done
Event: 8.650 loading class java/lang/ProcessImpl$2
Event: 8.650 loading class java/lang/ProcessImpl$2 done
Event: 8.651 loading class java/lang/Process$PipeInputStream
Event: 8.651 loading class java/lang/Process$PipeInputStream done
Event: 8.652 loading class jdk/internal/event/ProcessStartEvent
Event: 8.653 loading class jdk/internal/event/Event
Event: 8.653 loading class jdk/internal/event/Event done
Event: 8.653 loading class jdk/internal/event/ProcessStartEvent done
Event: 8.654 Thread 0x0000027547c38bf0 Thread added: 0x0000027547c38bf0
Event: 8.656 Thread 0x000002754a4cdb40 Thread added: 0x000002754a4cdb40
Event: 8.656 Thread 0x000002754a4ce010 Thread added: 0x000002754a4ce010
Event: 8.656 Thread 0x000002754a4cc800 Thread added: 0x000002754a4cc800
Event: 9.630 Thread 0x0000027547dc3b80 Thread exited: 0x0000027547dc3b80


Dynamic libraries:
0x00007ff6645c0000 - 0x00007ff6645d0000 	C:\Program Files\Java\jdk-17\bin\java.exe
0x00007ffd47a20000 - 0x00007ffd47c29000 	C:\Windows\SYSTEM32\ntdll.dll
0x00007ffd46310000 - 0x00007ffd463ce000 	C:\Windows\System32\KERNEL32.DLL
0x00007ffd454e0000 - 0x00007ffd45864000 	C:\Windows\System32\KERNELBASE.dll
0x00007ffd453c0000 - 0x00007ffd454d1000 	C:\Windows\System32\ucrtbase.dll
0x00007ffd41bc0000 - 0x00007ffd41bd9000 	C:\Program Files\Java\jdk-17\bin\jli.dll
0x00007ffd37910000 - 0x00007ffd3792b000 	C:\Program Files\Java\jdk-17\bin\VCRUNTIME140.dll
0x00007ffd47800000 - 0x00007ffd478af000 	C:\Windows\System32\ADVAPI32.dll
0x00007ffd47630000 - 0x00007ffd476d3000 	C:\Windows\System32\msvcrt.dll
0x00007ffd46f70000 - 0x00007ffd4700e000 	C:\Windows\System32\sechost.dll
0x00007ffd46e30000 - 0x00007ffd46f51000 	C:\Windows\System32\RPCRT4.dll
0x00007ffd46b90000 - 0x00007ffd46d3d000 	C:\Windows\System32\USER32.dll
0x00007ffd44f30000 - 0x00007ffd44f56000 	C:\Windows\System32\win32u.dll
0x00007ffd25d30000 - 0x00007ffd25fd5000 	C:\Windows\WinSxS\amd64_microsoft.windows.common-controls_6595b64144ccf1df_6.0.22000.120_none_9d947278b86cc467\COMCTL32.dll
0x00007ffd47550000 - 0x00007ffd4757a000 	C:\Windows\System32\GDI32.dll
0x00007ffd450c0000 - 0x00007ffd451df000 	C:\Windows\System32\gdi32full.dll
0x00007ffd44f60000 - 0x00007ffd44ffd000 	C:\Windows\System32\msvcp_win.dll
0x00007ffd397f0000 - 0x00007ffd397fa000 	C:\Windows\SYSTEM32\VERSION.dll
0x00007ffd478b0000 - 0x00007ffd478e1000 	C:\Windows\System32\IMM32.DLL
0x00007ffd40e00000 - 0x00007ffd40e0c000 	C:\Program Files\Java\jdk-17\bin\vcruntime140_1.dll
0x00007ffd24860000 - 0x00007ffd248ee000 	C:\Program Files\Java\jdk-17\bin\msvcp140.dll
0x00007ffd08450000 - 0x00007ffd0902d000 	C:\Program Files\Java\jdk-17\bin\server\jvm.dll
0x00007ffd46300000 - 0x00007ffd46308000 	C:\Windows\System32\PSAPI.DLL
0x00007ffd43760000 - 0x00007ffd43793000 	C:\Windows\SYSTEM32\WINMM.dll
0x00007ffd308f0000 - 0x00007ffd308f9000 	C:\Windows\SYSTEM32\WSOCK32.dll
0x00007ffd46a20000 - 0x00007ffd46a8f000 	C:\Windows\System32\WS2_32.dll
0x00007ffd43f50000 - 0x00007ffd43f68000 	C:\Windows\SYSTEM32\kernel.appcore.dll
0x00007ffd40de0000 - 0x00007ffd40dea000 	C:\Program Files\Java\jdk-17\bin\jimage.dll
0x00007ffd426f0000 - 0x00007ffd42911000 	C:\Windows\SYSTEM32\DBGHELP.DLL
0x00007ffd43700000 - 0x00007ffd43731000 	C:\Windows\SYSTEM32\dbgcore.DLL
0x00007ffd44eb0000 - 0x00007ffd44f2f000 	C:\Windows\System32\bcryptPrimitives.dll
0x00007ffd25390000 - 0x00007ffd253cb000 	C:\Program Files\Java\jdk-17\bin\jdwp.dll
0x00007ffd348f0000 - 0x00007ffd34915000 	C:\Program Files\Java\jdk-17\bin\java.dll
0x00007ffd243b0000 - 0x00007ffd24487000 	C:\Program Files\Java\jdk-17\bin\jsvml.dll
0x00007ffd45a10000 - 0x00007ffd461d5000 	C:\Windows\System32\SHELL32.dll
0x00007ffd42dd0000 - 0x00007ffd43634000 	C:\Windows\SYSTEM32\windows.storage.dll
0x00007ffd463d0000 - 0x00007ffd46746000 	C:\Windows\System32\combase.dll
0x00007ffd42c60000 - 0x00007ffd42dc7000 	C:\Windows\SYSTEM32\wintypes.dll
0x00007ffd46d40000 - 0x00007ffd46e2a000 	C:\Windows\System32\SHCORE.dll
0x00007ffd47010000 - 0x00007ffd4706d000 	C:\Windows\System32\shlwapi.dll
0x00007ffd44de0000 - 0x00007ffd44e05000 	C:\Windows\SYSTEM32\profapi.dll
0x00007ffd39400000 - 0x00007ffd3940c000 	C:\Program Files\Java\jdk-17\bin\dt_socket.dll
0x00007ffd439f0000 - 0x00007ffd43a1d000 	C:\Windows\SYSTEM32\IPHLPAPI.DLL
0x00007ffd44490000 - 0x00007ffd444f7000 	C:\Windows\system32\mswsock.dll
0x00007ffd340f0000 - 0x00007ffd34109000 	C:\Program Files\Java\jdk-17\bin\net.dll
0x00007ffd3da30000 - 0x00007ffd3db43000 	C:\Windows\SYSTEM32\WINHTTP.dll
0x00007ffd340b0000 - 0x00007ffd340c6000 	C:\Program Files\Java\jdk-17\bin\nio.dll
0x00007ffd33e20000 - 0x00007ffd33e38000 	C:\Program Files\Java\jdk-17\bin\zip.dll
0x00007ffd40c80000 - 0x00007ffd40c90000 	C:\Program Files\Java\jdk-17\bin\verify.dll
0x00007ffd3f6a0000 - 0x00007ffd3f6c7000 	C:\Users\plato\.gradle\native\e1d6ef7f7dcc3fd88c89a11ec53ec762bb8ba0a96d01ffa2cd45eb1d1d8dd5c5\windows-amd64\native-platform.dll
0x00007ffd0e200000 - 0x00007ffd0e344000 	C:\Users\plato\.gradle\native\0d407fdbe67a94daf76414ababcb853783967236a71b16ec16e742cd7a986fd3\windows-amd64\native-platform-file-events.dll
0x00007ffd3f840000 - 0x00007ffd3f84a000 	C:\Program Files\Java\jdk-17\bin\management.dll
0x00007ffd3f800000 - 0x00007ffd3f80b000 	C:\Program Files\Java\jdk-17\bin\management_ext.dll
0x00007ffd44700000 - 0x00007ffd44718000 	C:\Windows\SYSTEM32\CRYPTSP.dll
0x00007ffd43eb0000 - 0x00007ffd43ee5000 	C:\Windows\system32\rsaenh.dll
0x00007ffd445b0000 - 0x00007ffd445dc000 	C:\Windows\SYSTEM32\USERENV.dll
0x00007ffd44880000 - 0x00007ffd448a7000 	C:\Windows\SYSTEM32\bcrypt.dll
0x00007ffd44720000 - 0x00007ffd4472c000 	C:\Windows\SYSTEM32\CRYPTBASE.dll
0x00007ffd46a90000 - 0x00007ffd46a99000 	C:\Windows\System32\NSI.dll
0x00007ffd3dd00000 - 0x00007ffd3dd19000 	C:\Windows\SYSTEM32\dhcpcsvc6.DLL
0x00007ffd3e660000 - 0x00007ffd3e67e000 	C:\Windows\SYSTEM32\dhcpcsvc.DLL
0x00007ffd43a20000 - 0x00007ffd43b07000 	C:\Windows\SYSTEM32\DNSAPI.dll
0x00007ffd3f690000 - 0x00007ffd3f69d000 	C:\Program Files\Java\jdk-17\bin\sunmscapi.dll
0x00007ffd45250000 - 0x00007ffd453ba000 	C:\Windows\System32\CRYPT32.dll
0x00007ffd44850000 - 0x00007ffd4487a000 	C:\Windows\SYSTEM32\ncrypt.dll
0x00007ffd44810000 - 0x00007ffd44847000 	C:\Windows\SYSTEM32\NTASN1.dll
0x00007ffd1b920000 - 0x00007ffd1b928000 	C:\Windows\system32\wshunix.dll

dbghelp: loaded successfully - version: 4.0.5 - missing functions: none
symbol engine: initialized successfully - sym options: 0x614 - pdb path: .;C:\Program Files\Java\jdk-17\bin;C:\Windows\SYSTEM32;C:\Windows\WinSxS\amd64_microsoft.windows.common-controls_6595b64144ccf1df_6.0.22000.120_none_9d947278b86cc467;C:\Program Files\Java\jdk-17\bin\server;C:\Users\plato\.gradle\native\e1d6ef7f7dcc3fd88c89a11ec53ec762bb8ba0a96d01ffa2cd45eb1d1d8dd5c5\windows-amd64;C:\Users\plato\.gradle\native\0d407fdbe67a94daf76414ababcb853783967236a71b16ec16e742cd7a986fd3\windows-amd64

VM Arguments:
jvm_args: -XX:MaxMetaspaceSize=256m -XX:+HeapDumpOnOutOfMemoryError -agentlib:jdwp=transport=dt_socket,server=n,suspend=y,address=127.0.0.1:4462 --add-opens=java.base/java.util=ALL-UNNAMED --add-opens=java.base/java.lang=ALL-UNNAMED --add-opens=java.base/java.lang.invoke=ALL-UNNAMED --add-opens=java.base/java.util=ALL-UNNAMED --add-opens=java.prefs/java.util.prefs=ALL-UNNAMED --add-opens=java.prefs/java.util.prefs=ALL-UNNAMED --add-opens=java.base/java.nio.charset=ALL-UNNAMED --add-opens=java.base/java.net=ALL-UNNAMED --add-opens=java.base/java.util.concurrent.atomic=ALL-UNNAMED -Xms256m -Xmx512m -Dfile.encoding=windows-1251 -Duser.country=RU -Duser.language=ru -Duser.variant 
java_command: org.gradle.launcher.daemon.bootstrap.GradleDaemon 7.4
java_class_path (initial): C:\Users\plato\.gradle\wrapper\dists\gradle-7.4-bin\c0gwcg53nkjbqw7r0h0umtfvt\gradle-7.4\lib\gradle-launcher-7.4.jar
Launcher Type: SUN_STANDARD

[Global flags]
     intx CICompilerCount                          = 4                                         {product} {ergonomic}
   size_t CompressedClassSpaceSize                 = 218103808                                 {product} {ergonomic}
     uint ConcGCThreads                            = 3                                         {product} {ergonomic}
     uint G1ConcRefinementThreads                  = 10                                        {product} {ergonomic}
   size_t G1HeapRegionSize                         = 1048576                                   {product} {ergonomic}
    uintx GCDrainStackTargetSize                   = 64                                        {product} {ergonomic}
     bool HeapDumpOnOutOfMemoryError               = true                                   {manageable} {command line}
   size_t InitialHeapSize                          = 268435456                                 {product} {command line}
   size_t MarkStackSize                            = 4194304                                   {product} {ergonomic}
   size_t MaxHeapSize                              = 536870912                                 {product} {command line}
   size_t MaxMetaspaceSize                         = 268435456                                 {product} {command line}
   size_t MaxNewSize                               = 321912832                                 {product} {ergonomic}
   size_t MinHeapDeltaBytes                        = 1048576                                   {product} {ergonomic}
   size_t MinHeapSize                              = 268435456                                 {product} {command line}
    uintx NonNMethodCodeHeapSize                   = 5839372                                {pd product} {ergonomic}
    uintx NonProfiledCodeHeapSize                  = 122909434                              {pd product} {ergonomic}
    uintx ProfiledCodeHeapSize                     = 122909434                              {pd product} {ergonomic}
    uintx ReservedCodeCacheSize                    = 251658240                              {pd product} {ergonomic}
     bool SegmentedCodeCache                       = true                                      {product} {ergonomic}
   size_t SoftMaxHeapSize                          = 536870912                              {manageable} {ergonomic}
     bool UseCompressedClassPointers               = true                           {product lp64_product} {ergonomic}
     bool UseCompressedOops                        = true                           {product lp64_product} {ergonomic}
     bool UseG1GC                                  = true                                      {product} {ergonomic}
     bool UseLargePagesIndividualAllocation        = false                                  {pd product} {ergonomic}

Logging:
Log output configuration:
 #0: stdout all=warning uptime,level,tags
 #1: stderr all=off uptime,level,tags

Environment Variables:
PATH=C:\Python311\Scripts\;C:\Python311\;c:\users\plato\gcc\bin;c:\users\plato\gcc\libexec\gcc\x86_64-w64-mingw32\12.1.0;C:\Program Files\Common Files\Oracle\Java\javapath;C:\Program Files (x86)\Common Files\Oracle\Java\javapath;C:\Windows\system32;C:\Windows;C:\Windows\System32\Wbem;C:\Windows\System32\WindowsPowerShell\v1.0\;C:\Windows\System32\OpenSSH\;C:\Program Files\Microsoft SQL Server\Client SDK\ODBC\170\Tools\Binn\;C:\Program Files\Git\cmd;C:\Program Files (x86)\Microsoft SQL Server\160\Tools\Binn\;C:\Program Files\Microsoft SQL Server\160\Tools\Binn\;C:\Program Files\Microsoft SQL Server\160\DTS\Binn\;C:\Program Files (x86)\Microsoft SQL Server\160\DTS\Binn\;C:\Program Files\nodejs\;C:\ProgramData\chocolatey\bin;;C:\Program Files\Docker\Docker\resources\bin;C:\Program Files\Microsoft SQL Server\150\Tools\Binn\;C:\Program Files\dotnet\;C:\Program Files\Go\bin;C:\Users\plato\scoop\shims;C:\Program Files\MySQL\MySQL Shell 8.0\bin\;C:\Users\plato\AppData\Local\Microsoft\WindowsApps;C:\Users\plato\AppData\Local\GitHubDesktop\bin;C:\Users\plato\AppData\Roaming\npm;C:\Users\plato\AppData\Local\Programs\Microsoft VS Code\bin;C:\Users\plato\.dotnet\tools;C:\Users\plato\go\bin;C:\Program Files\JetBrains\PyCharm 2023.1.4\bin;;C:\Program Files (x86)\Nmap
USERNAME=plato
OS=Windows_NT
PROCESSOR_IDENTIFIER=AMD64 Family 23 Model 104 Stepping 1, AuthenticAMD



---------------  S Y S T E M  ---------------

OS:
 Windows 11 , 64 bit Build 22000 (10.0.22000.2124)
OS uptime: 3 days 12:48 hours
Hyper-V role detected

CPU: total 12 (initial active 12) (12 cores per cpu, 2 threads per core) family 23 model 104 stepping 1 microcode 0x0, cx8, cmov, fxsr, ht, mmx, 3dnowpref, sse, sse2, sse3, ssse3, sse4a, sse4.1, sse4.2, popcnt, lzcnt, tsc, tscinvbit, avx, avx2, aes, clmul, bmi1, bmi2, adx, sha, fma, vzeroupper, clflush, clflushopt, hv

Memory: 4k page, system-wide physical 10062M (316M free)
TotalPageFile size 20302M (AvailPageFile size 179M)
current process WorkingSet (physical memory assigned to process): 445M, peak: 447M
current process commit charge ("private bytes"): 535M, peak: 538M

vm_info: Java HotSpot(TM) 64-Bit Server VM (17.0.7+8-LTS-224) for windows-amd64 JRE (17.0.7+8-LTS-224), built on Feb 28 2023 23:03:02 by "mach5one" with MS VC++ 17.1 (VS2022)

END.
